This is XeTeX, Version 3.141592653-2.6-0.999996 (TeX Live 2024) (preloaded format=xelatex 2025.1.26)  25 FEB 2025 18:50
entering extended mode
 restricted \write18 enabled.
 %&-line parsing enabled.
**bookdown-demo.tex
(./bookdown-demo.tex
LaTeX2e <2024-11-01> patch level 1
L3 programming layer <2024-12-25>
(/Users/juergen/Library/TinyTeX/texmf-dist/tex/latex/base/book.cls
Document Class: book 2024/06/29 v1.4n Standard LaTeX document class
(/Users/juergen/Library/TinyTeX/texmf-dist/tex/latex/base/bk10.clo
File: bk10.clo 2024/06/29 v1.4n Standard LaTeX file (size option)
)
\c@part=\count192
\c@chapter=\count193
\c@section=\count194
\c@subsection=\count195
\c@subsubsection=\count196
\c@paragraph=\count197
\c@subparagraph=\count198
\c@figure=\count199
\c@table=\count266
\abovecaptionskip=\skip49
\belowcaptionskip=\skip50
\bibindent=\dimen141
) (/Users/juergen/Library/TinyTeX/texmf-dist/tex/latex/xcolor/xcolor.sty
Package: xcolor 2024/09/29 v3.02 LaTeX color extensions (UK)
(/Users/juergen/Library/TinyTeX/texmf-dist/tex/latex/graphics-cfg/color.cfg
File: color.cfg 2016/01/02 v1.6 sample color configuration
)
Package xcolor Info: Driver file: xetex.def on input line 274.
(/Users/juergen/Library/TinyTeX/texmf-dist/tex/latex/graphics-def/xetex.def
File: xetex.def 2022/09/22 v5.0n Graphics/color driver for xetex
) (/Users/juergen/Library/TinyTeX/texmf-dist/tex/latex/graphics/mathcolor.ltx)
Package xcolor Info: Model `cmy' substituted by `cmy0' on input line 1349.
Package xcolor Info: Model `RGB' extended on input line 1365.
Package xcolor Info: Model `HTML' substituted by `rgb' on input line 1367.
Package xcolor Info: Model `Hsb' substituted by `hsb' on input line 1368.
Package xcolor Info: Model `tHsb' substituted by `hsb' on input line 1369.
Package xcolor Info: Model `HSB' substituted by `hsb' on input line 1370.
Package xcolor Info: Model `Gray' substituted by `gray' on input line 1371.
Package xcolor Info: Model `wave' substituted by `hsb' on input line 1372.
) (/Users/juergen/Library/TinyTeX/texmf-dist/tex/latex/amsmath/amsmath.sty
Package: amsmath 2024/11/05 v2.17t AMS math features
\@mathmargin=\skip51
For additional information on amsmath, use the `?' option.
(/Users/juergen/Library/TinyTeX/texmf-dist/tex/latex/amsmath/amstext.sty
Package: amstext 2021/08/26 v2.01 AMS text
(/Users/juergen/Library/TinyTeX/texmf-dist/tex/latex/amsmath/amsgen.sty
File: amsgen.sty 1999/11/30 v2.0 generic functions
\@emptytoks=\toks17
\ex@=\dimen142
)) (/Users/juergen/Library/TinyTeX/texmf-dist/tex/latex/amsmath/amsbsy.sty
Package: amsbsy 1999/11/29 v1.2d Bold Symbols
\pmbraise@=\dimen143
) (/Users/juergen/Library/TinyTeX/texmf-dist/tex/latex/amsmath/amsopn.sty
Package: amsopn 2022/04/08 v2.04 operator names
)
\inf@bad=\count267
LaTeX Info: Redefining \frac on input line 233.
\uproot@=\count268
\leftroot@=\count269
LaTeX Info: Redefining \overline on input line 398.
LaTeX Info: Redefining \colon on input line 409.
\classnum@=\count270
\DOTSCASE@=\count271
LaTeX Info: Redefining \ldots on input line 495.
LaTeX Info: Redefining \dots on input line 498.
LaTeX Info: Redefining \cdots on input line 619.
\Mathstrutbox@=\box52
\strutbox@=\box53
LaTeX Info: Redefining \big on input line 721.
LaTeX Info: Redefining \Big on input line 722.
LaTeX Info: Redefining \bigg on input line 723.
LaTeX Info: Redefining \Bigg on input line 724.
\big@size=\dimen144
LaTeX Font Info:    Redeclaring font encoding OML on input line 742.
LaTeX Font Info:    Redeclaring font encoding OMS on input line 743.
\macc@depth=\count272
LaTeX Info: Redefining \bmod on input line 904.
LaTeX Info: Redefining \pmod on input line 909.
LaTeX Info: Redefining \smash on input line 939.
LaTeX Info: Redefining \relbar on input line 969.
LaTeX Info: Redefining \Relbar on input line 970.
\c@MaxMatrixCols=\count273
\dotsspace@=\muskip17
\c@parentequation=\count274
\dspbrk@lvl=\count275
\tag@help=\toks18
\row@=\count276
\column@=\count277
\maxfields@=\count278
\andhelp@=\toks19
\eqnshift@=\dimen145
\alignsep@=\dimen146
\tagshift@=\dimen147
\tagwidth@=\dimen148
\totwidth@=\dimen149
\lineht@=\dimen150
\@envbody=\toks20
\multlinegap=\skip52
\multlinetaggap=\skip53
\mathdisplay@stack=\toks21
LaTeX Info: Redefining \[ on input line 2953.
LaTeX Info: Redefining \] on input line 2954.
) (/Users/juergen/Library/TinyTeX/texmf-dist/tex/latex/amsfonts/amssymb.sty
Package: amssymb 2013/01/14 v3.01 AMS font symbols
(/Users/juergen/Library/TinyTeX/texmf-dist/tex/latex/amsfonts/amsfonts.sty
Package: amsfonts 2013/01/14 v3.01 Basic AMSFonts support
\symAMSa=\mathgroup4
\symAMSb=\mathgroup5
LaTeX Font Info:    Redeclaring math symbol \hbar on input line 98.
LaTeX Font Info:    Overwriting math alphabet `\mathfrak' in version `bold'
(Font)                  U/euf/m/n --> U/euf/b/n on input line 106.
)) (/Users/juergen/Library/TinyTeX/texmf-dist/tex/generic/iftex/iftex.sty
Package: iftex 2024/12/12 v1.0g TeX engine tests
) (/Users/juergen/Library/TinyTeX/texmf-dist/tex/latex/unicode-math/unicode-math.sty (/Users/juergen/Library/TinyTeX/texmf-dist/tex/latex/l3kernel/expl3.sty
Package: expl3 2024-12-25 L3 programming layer (loader) 
(/Users/juergen/Library/TinyTeX/texmf-dist/tex/latex/l3backend/l3backend-xetex.def
File: l3backend-xetex.def 2024-05-08 L3 backend support: XeTeX
\g__graphics_track_int=\count279
\l__pdf_internal_box=\box54
\g__pdf_backend_annotation_int=\count280
\g__pdf_backend_link_int=\count281
))
Package: unicode-math 2023/08/13 v0.8r Unicode maths in XeLaTeX and LuaLaTeX
(/Users/juergen/Library/TinyTeX/texmf-dist/tex/latex/unicode-math/unicode-math-xetex.sty
Package: unicode-math-xetex 2023/08/13 v0.8r Unicode maths in XeLaTeX and LuaLaTeX
(/Users/juergen/Library/TinyTeX/texmf-dist/tex/latex/l3packages/xparse/xparse.sty
Package: xparse 2024-08-16 L3 Experimental document command parser
) (/Users/juergen/Library/TinyTeX/texmf-dist/tex/latex/l3packages/l3keys2e/l3keys2e.sty
Package: l3keys2e 2024-08-16 LaTeX2e option processing using LaTeX3 keys
) (/Users/juergen/Library/TinyTeX/texmf-dist/tex/latex/fontspec/fontspec.sty
Package: fontspec 2024/05/11 v2.9e Font selection for XeLaTeX and LuaLaTeX
(/Users/juergen/Library/TinyTeX/texmf-dist/tex/latex/fontspec/fontspec-xetex.sty
Package: fontspec-xetex 2024/05/11 v2.9e Font selection for XeLaTeX and LuaLaTeX
\l__fontspec_script_int=\count282
\l__fontspec_language_int=\count283
\l__fontspec_strnum_int=\count284
\l__fontspec_tmp_int=\count285
\l__fontspec_tmpa_int=\count286
\l__fontspec_tmpb_int=\count287
\l__fontspec_tmpc_int=\count288
\l__fontspec_em_int=\count289
\l__fontspec_emdef_int=\count290
\l__fontspec_strong_int=\count291
\l__fontspec_strongdef_int=\count292
\l__fontspec_tmpa_dim=\dimen151
\l__fontspec_tmpb_dim=\dimen152
\l__fontspec_tmpc_dim=\dimen153
(/Users/juergen/Library/TinyTeX/texmf-dist/tex/latex/base/fontenc.sty
Package: fontenc 2021/04/29 v2.0v Standard LaTeX package
) (/Users/juergen/Library/TinyTeX/texmf-dist/tex/latex/fontspec/fontspec.cfg))) (/Users/juergen/Library/TinyTeX/texmf-dist/tex/latex/base/fix-cm.sty
Package: fix-cm 2020/11/24 v1.1t fixes to LaTeX
(/Users/juergen/Library/TinyTeX/texmf-dist/tex/latex/base/ts1enc.def
File: ts1enc.def 2001/06/05 v3.0e (jk/car/fm) Standard LaTeX file
LaTeX Font Info:    Redeclaring font encoding TS1 on input line 47.
))
\g__um_fam_int=\count293
\g__um_fonts_used_int=\count294
\l__um_primecount_int=\count295
\g__um_primekern_muskip=\muskip18
(/Users/juergen/Library/TinyTeX/texmf-dist/tex/latex/unicode-math/unicode-math-table.tex))) (/Users/juergen/Library/TinyTeX/texmf-dist/tex/latex/lm/lmodern.sty
Package: lmodern 2015/05/01 v1.6.1 Latin Modern Fonts
LaTeX Font Info:    Overwriting symbol font `operators' in version `normal'
(Font)                  OT1/cmr/m/n --> OT1/lmr/m/n on input line 22.
LaTeX Font Info:    Overwriting symbol font `letters' in version `normal'
(Font)                  OML/cmm/m/it --> OML/lmm/m/it on input line 23.
LaTeX Font Info:    Overwriting symbol font `symbols' in version `normal'
(Font)                  OMS/cmsy/m/n --> OMS/lmsy/m/n on input line 24.
LaTeX Font Info:    Overwriting symbol font `largesymbols' in version `normal'
(Font)                  OMX/cmex/m/n --> OMX/lmex/m/n on input line 25.
LaTeX Font Info:    Overwriting symbol font `operators' in version `bold'
(Font)                  OT1/cmr/bx/n --> OT1/lmr/bx/n on input line 26.
LaTeX Font Info:    Overwriting symbol font `letters' in version `bold'
(Font)                  OML/cmm/b/it --> OML/lmm/b/it on input line 27.
LaTeX Font Info:    Overwriting symbol font `symbols' in version `bold'
(Font)                  OMS/cmsy/b/n --> OMS/lmsy/b/n on input line 28.
LaTeX Font Info:    Overwriting symbol font `largesymbols' in version `bold'
(Font)                  OMX/cmex/m/n --> OMX/lmex/m/n on input line 29.
LaTeX Font Info:    Overwriting math alphabet `\mathbf' in version `normal'
(Font)                  OT1/cmr/bx/n --> OT1/lmr/bx/n on input line 31.
LaTeX Font Info:    Overwriting math alphabet `\mathsf' in version `normal'
(Font)                  OT1/cmss/m/n --> OT1/lmss/m/n on input line 32.
LaTeX Font Info:    Overwriting math alphabet `\mathit' in version `normal'
(Font)                  OT1/cmr/m/it --> OT1/lmr/m/it on input line 33.
LaTeX Font Info:    Overwriting math alphabet `\mathtt' in version `normal'
(Font)                  OT1/cmtt/m/n --> OT1/lmtt/m/n on input line 34.
LaTeX Font Info:    Overwriting math alphabet `\mathbf' in version `bold'
(Font)                  OT1/cmr/bx/n --> OT1/lmr/bx/n on input line 35.
LaTeX Font Info:    Overwriting math alphabet `\mathsf' in version `bold'
(Font)                  OT1/cmss/bx/n --> OT1/lmss/bx/n on input line 36.
LaTeX Font Info:    Overwriting math alphabet `\mathit' in version `bold'
(Font)                  OT1/cmr/bx/it --> OT1/lmr/bx/it on input line 37.
LaTeX Font Info:    Overwriting math alphabet `\mathtt' in version `bold'
(Font)                  OT1/cmtt/m/n --> OT1/lmtt/m/n on input line 38.
) (/Users/juergen/Library/TinyTeX/texmf-dist/tex/latex/fancyvrb/fancyvrb.sty
Package: fancyvrb 2024/01/20 4.5c verbatim text (tvz,hv)
(/Users/juergen/Library/TinyTeX/texmf-dist/tex/latex/graphics/keyval.sty
Package: keyval 2022/05/29 v1.15 key=value parser (DPC)
\KV@toks@=\toks22
)
\FV@CodeLineNo=\count296
\FV@InFile=\read2
\FV@TabBox=\box55
\c@FancyVerbLine=\count297
\FV@StepNumber=\count298
\FV@OutFile=\write3
) (/Users/juergen/Library/TinyTeX/texmf-dist/tex/latex/framed/framed.sty
Package: framed 2011/10/22 v 0.96: framed or shaded text with page breaks
\OuterFrameSep=\skip54
\fb@frw=\dimen154
\fb@frh=\dimen155
\FrameRule=\dimen156
\FrameSep=\dimen157
) (/Users/juergen/Library/TinyTeX/texmf-dist/tex/latex/tools/longtable.sty
Package: longtable 2024-10-27 v4.22 Multi-page Table package (DPC)
\LTleft=\skip55
\LTright=\skip56
\LTpre=\skip57
\LTpost=\skip58
\LTchunksize=\count299
\LTcapwidth=\dimen158
\LT@head=\box56
\LT@firsthead=\box57
\LT@foot=\box58
\LT@lastfoot=\box59
\LT@gbox=\box60
\LT@cols=\count300
\LT@rows=\count301
\c@LT@tables=\count302
\c@LT@chunks=\count303
\LT@p@ftn=\toks23
) (/Users/juergen/Library/TinyTeX/texmf-dist/tex/latex/booktabs/booktabs.sty
Package: booktabs 2020/01/12 v1.61803398 Publication quality tables
\heavyrulewidth=\dimen159
\lightrulewidth=\dimen160
\cmidrulewidth=\dimen161
\belowrulesep=\dimen162
\belowbottomsep=\dimen163
\aboverulesep=\dimen164
\abovetopsep=\dimen165
\cmidrulesep=\dimen166
\cmidrulekern=\dimen167
\defaultaddspace=\dimen168
\@cmidla=\count304
\@cmidlb=\count305
\@aboverulesep=\dimen169
\@belowrulesep=\dimen170
\@thisruleclass=\count306
\@lastruleclass=\count307
\@thisrulewidth=\dimen171
) (/Users/juergen/Library/TinyTeX/texmf-dist/tex/latex/tools/array.sty
Package: array 2024/10/17 v2.6g Tabular extension package (FMi)
\col@sep=\dimen172
\ar@mcellbox=\box61
\extrarowheight=\dimen173
\NC@list=\toks24
\extratabsurround=\skip59
\backup@length=\skip60
\ar@cellbox=\box62
) (/Users/juergen/Library/TinyTeX/texmf-dist/tex/latex/tools/calc.sty
Package: calc 2023/07/08 v4.3 Infix arithmetic (KKT,FJ)
\calc@Acount=\count308
\calc@Bcount=\count309
\calc@Adimen=\dimen174
\calc@Bdimen=\dimen175
\calc@Askip=\skip61
\calc@Bskip=\skip62
LaTeX Info: Redefining \setlength on input line 80.
LaTeX Info: Redefining \addtolength on input line 81.
\calc@Ccount=\count310
\calc@Cskip=\skip63
) (/Users/juergen/Library/TinyTeX/texmf-dist/tex/latex/etoolbox/etoolbox.sty
Package: etoolbox 2020/10/05 v2.5k e-TeX tools for LaTeX (JAW)
\etb@tempcnta=\count311
) (/Users/juergen/Library/TinyTeX/texmf-dist/tex/latex/mdwtools/footnote.sty
Package: footnote 1997/01/28 1.13 Save footnotes around boxes
\fn@notes=\box63
\fn@width=\dimen176
) (/Users/juergen/Library/TinyTeX/texmf-dist/tex/latex/graphics/graphicx.sty
Package: graphicx 2021/09/16 v1.2d Enhanced LaTeX Graphics (DPC,SPQR)
(/Users/juergen/Library/TinyTeX/texmf-dist/tex/latex/graphics/graphics.sty
Package: graphics 2024/08/06 v1.4g Standard LaTeX Graphics (DPC,SPQR)
(/Users/juergen/Library/TinyTeX/texmf-dist/tex/latex/graphics/trig.sty
Package: trig 2023/12/02 v1.11 sin cos tan (DPC)
) (/Users/juergen/Library/TinyTeX/texmf-dist/tex/latex/graphics-cfg/graphics.cfg
File: graphics.cfg 2016/06/04 v1.11 sample graphics configuration
)
Package graphics Info: Driver file: xetex.def on input line 106.
)
\Gin@req@height=\dimen177
\Gin@req@width=\dimen178
)
\pandoc@box=\box64
(/Users/juergen/Library/TinyTeX/texmf-dist/tex/latex/natbib/natbib.sty
Package: natbib 2010/09/13 8.31b (PWD, AO)
\bibhang=\skip64
\bibsep=\skip65
LaTeX Info: Redefining \cite on input line 694.
\c@NAT@ctr=\count312
) (/Users/juergen/Library/TinyTeX/texmf-dist/tex/latex/amscls/amsthm.sty
Package: amsthm 2020/05/29 v2.20.6
\thm@style=\toks25
\thm@bodyfont=\toks26
\thm@headfont=\toks27
\thm@notefont=\toks28
\thm@headpunct=\toks29
\thm@preskip=\skip66
\thm@postskip=\skip67
\thm@headsep=\skip68
\dth@everypar=\toks30
) (/Users/juergen/Library/TinyTeX/texmf-dist/tex/latex/bookmark/bookmark.sty
Package: bookmark 2023-12-10 v1.31 PDF bookmarks (HO)
(/Users/juergen/Library/TinyTeX/texmf-dist/tex/latex/hyperref/hyperref.sty
Package: hyperref 2024-11-05 v7.01l Hypertext links for LaTeX
(/Users/juergen/Library/TinyTeX/texmf-dist/tex/latex/kvsetkeys/kvsetkeys.sty
Package: kvsetkeys 2022-10-05 v1.19 Key value parser (HO)
) (/Users/juergen/Library/TinyTeX/texmf-dist/tex/generic/kvdefinekeys/kvdefinekeys.sty
Package: kvdefinekeys 2019-12-19 v1.6 Define keys (HO)
) (/Users/juergen/Library/TinyTeX/texmf-dist/tex/generic/pdfescape/pdfescape.sty
Package: pdfescape 2019/12/09 v1.15 Implements pdfTeX's escape features (HO)
(/Users/juergen/Library/TinyTeX/texmf-dist/tex/generic/ltxcmds/ltxcmds.sty
Package: ltxcmds 2023-12-04 v1.26 LaTeX kernel commands for general use (HO)
) (/Users/juergen/Library/TinyTeX/texmf-dist/tex/generic/pdftexcmds/pdftexcmds.sty
Package: pdftexcmds 2020-06-27 v0.33 Utility functions of pdfTeX for LuaTeX (HO)
(/Users/juergen/Library/TinyTeX/texmf-dist/tex/generic/infwarerr/infwarerr.sty
Package: infwarerr 2019/12/03 v1.5 Providing info/warning/error messages (HO)
)
Package pdftexcmds Info: \pdf@primitive is available.
Package pdftexcmds Info: \pdf@ifprimitive is available.
Package pdftexcmds Info: \pdfdraftmode not found.
)) (/Users/juergen/Library/TinyTeX/texmf-dist/tex/latex/hycolor/hycolor.sty
Package: hycolor 2020-01-27 v1.10 Color options for hyperref/bookmark (HO)
) (/Users/juergen/Library/TinyTeX/texmf-dist/tex/latex/hyperref/nameref.sty
Package: nameref 2023-11-26 v2.56 Cross-referencing by name of section
(/Users/juergen/Library/TinyTeX/texmf-dist/tex/latex/refcount/refcount.sty
Package: refcount 2019/12/15 v3.6 Data extraction from label references (HO)
) (/Users/juergen/Library/TinyTeX/texmf-dist/tex/generic/gettitlestring/gettitlestring.sty
Package: gettitlestring 2019/12/15 v1.6 Cleanup title references (HO)
(/Users/juergen/Library/TinyTeX/texmf-dist/tex/latex/kvoptions/kvoptions.sty
Package: kvoptions 2022-06-15 v3.15 Key value format for package options (HO)
))
\c@section@level=\count313
) (/Users/juergen/Library/TinyTeX/texmf-dist/tex/generic/stringenc/stringenc.sty
Package: stringenc 2019/11/29 v1.12 Convert strings between diff. encodings (HO)
)
\@linkdim=\dimen179
\Hy@linkcounter=\count314
\Hy@pagecounter=\count315
(/Users/juergen/Library/TinyTeX/texmf-dist/tex/latex/hyperref/pd1enc.def
File: pd1enc.def 2024-11-05 v7.01l Hyperref: PDFDocEncoding definition (HO)
) (/Users/juergen/Library/TinyTeX/texmf-dist/tex/generic/intcalc/intcalc.sty
Package: intcalc 2019/12/15 v1.3 Expandable calculations with integers (HO)
)
\Hy@SavedSpaceFactor=\count316
(/Users/juergen/Library/TinyTeX/texmf-dist/tex/latex/hyperref/puenc.def
File: puenc.def 2024-11-05 v7.01l Hyperref: PDF Unicode definition (HO)
)
Package hyperref Info: Option `unicode' set `true' on input line 4040.
Package hyperref Info: Hyper figures OFF on input line 4157.
Package hyperref Info: Link nesting OFF on input line 4162.
Package hyperref Info: Hyper index ON on input line 4165.
Package hyperref Info: Plain pages OFF on input line 4172.
Package hyperref Info: Backreferencing OFF on input line 4177.
Package hyperref Info: Implicit mode ON; LaTeX internals redefined.
Package hyperref Info: Bookmarks ON on input line 4424.
\c@Hy@tempcnt=\count317
(/Users/juergen/Library/TinyTeX/texmf-dist/tex/latex/url/url.sty
\Urlmuskip=\muskip19
Package: url 2013/09/16  ver 3.4  Verb mode for urls, etc.
)
LaTeX Info: Redefining \url on input line 4763.
\XeTeXLinkMargin=\dimen180
(/Users/juergen/Library/TinyTeX/texmf-dist/tex/generic/bitset/bitset.sty
Package: bitset 2019/12/09 v1.3 Handle bit-vector datatype (HO)
(/Users/juergen/Library/TinyTeX/texmf-dist/tex/generic/bigintcalc/bigintcalc.sty
Package: bigintcalc 2019/12/15 v1.5 Expandable calculations on big integers (HO)
))
\Fld@menulength=\count318
\Field@Width=\dimen181
\Fld@charsize=\dimen182
Package hyperref Info: Hyper figures OFF on input line 6042.
Package hyperref Info: Link nesting OFF on input line 6047.
Package hyperref Info: Hyper index ON on input line 6050.
Package hyperref Info: backreferencing OFF on input line 6057.
Package hyperref Info: Link coloring OFF on input line 6062.
Package hyperref Info: Link coloring with OCG OFF on input line 6067.
Package hyperref Info: PDF/A mode OFF on input line 6072.
(/Users/juergen/Library/TinyTeX/texmf-dist/tex/latex/base/atbegshi-ltx.sty
Package: atbegshi-ltx 2021/01/10 v1.0c Emulation of the original atbegshi
package with kernel methods
)
\Hy@abspage=\count319
\c@Item=\count320
\c@Hfootnote=\count321
)
Package hyperref Info: Driver (autodetected): hxetex.
(/Users/juergen/Library/TinyTeX/texmf-dist/tex/latex/hyperref/hxetex.def
File: hxetex.def 2024-11-05 v7.01l Hyperref driver for XeTeX
\pdfm@box=\box65
\c@Hy@AnnotLevel=\count322
\HyField@AnnotCount=\count323
\Fld@listcount=\count324
\c@bookmark@seq@number=\count325
(/Users/juergen/Library/TinyTeX/texmf-dist/tex/latex/rerunfilecheck/rerunfilecheck.sty
Package: rerunfilecheck 2022-07-10 v1.10 Rerun checks for auxiliary files (HO)
(/Users/juergen/Library/TinyTeX/texmf-dist/tex/latex/base/atveryend-ltx.sty
Package: atveryend-ltx 2020/08/19 v1.0a Emulation of the original atveryend package
with kernel methods
) (/Users/juergen/Library/TinyTeX/texmf-dist/tex/generic/uniquecounter/uniquecounter.sty
Package: uniquecounter 2019/12/15 v1.4 Provide unlimited unique counter (HO)
)
Package uniquecounter Info: New unique counter `rerunfilecheck' on input line 285.
)
\Hy@SectionHShift=\skip69
) (/Users/juergen/Library/TinyTeX/texmf-dist/tex/latex/bookmark/bkm-dvipdfm.def
File: bkm-dvipdfm.def 2023-12-10 v1.31 bookmark driver for dvipdfm (HO)
\BKM@id=\count326
)) (./bookdown-demo.aux)
\openout1 = `bookdown-demo.aux'.

LaTeX Font Info:    Checking defaults for OML/cmm/m/it on input line 130.
LaTeX Font Info:    ... okay on input line 130.
LaTeX Font Info:    Checking defaults for OMS/cmsy/m/n on input line 130.
LaTeX Font Info:    ... okay on input line 130.
LaTeX Font Info:    Checking defaults for OT1/cmr/m/n on input line 130.
LaTeX Font Info:    ... okay on input line 130.
LaTeX Font Info:    Checking defaults for T1/cmr/m/n on input line 130.
LaTeX Font Info:    ... okay on input line 130.
LaTeX Font Info:    Checking defaults for TS1/cmr/m/n on input line 130.
LaTeX Font Info:    ... okay on input line 130.
LaTeX Font Info:    Checking defaults for TU/lmr/m/n on input line 130.
LaTeX Font Info:    ... okay on input line 130.
LaTeX Font Info:    Checking defaults for OMX/cmex/m/n on input line 130.
LaTeX Font Info:    ... okay on input line 130.
LaTeX Font Info:    Checking defaults for U/cmr/m/n on input line 130.
LaTeX Font Info:    ... okay on input line 130.
LaTeX Font Info:    Checking defaults for PD1/pdf/m/n on input line 130.
LaTeX Font Info:    ... okay on input line 130.
LaTeX Font Info:    Checking defaults for PU/pdf/m/n on input line 130.
LaTeX Font Info:    ... okay on input line 130.
LaTeX Font Info:    Overwriting math alphabet `\mathrm' in version `normal'
(Font)                  OT1/lmr/m/n --> TU/lmr/m/n on input line 130.
LaTeX Font Info:    Overwriting math alphabet `\mathit' in version `normal'
(Font)                  OT1/lmr/m/it --> TU/lmr/m/it on input line 130.
LaTeX Font Info:    Overwriting math alphabet `\mathbf' in version `normal'
(Font)                  OT1/lmr/bx/n --> TU/lmr/bx/n on input line 130.
LaTeX Font Info:    Overwriting math alphabet `\mathsf' in version `normal'
(Font)                  OT1/lmss/m/n --> TU/lmss/m/n on input line 130.
LaTeX Font Info:    Overwriting math alphabet `\mathsf' in version `bold'
(Font)                  OT1/lmss/bx/n --> TU/lmss/bx/n on input line 130.
LaTeX Font Info:    Overwriting math alphabet `\mathtt' in version `normal'
(Font)                  OT1/lmtt/m/n --> TU/lmtt/m/n on input line 130.
LaTeX Font Info:    Overwriting math alphabet `\mathtt' in version `bold'
(Font)                  OT1/lmtt/m/n --> TU/lmtt/bx/n on input line 130.

Package fontspec Info: 
(fontspec)             latinmodern-math scale = 0.9999964596882403.


Package fontspec Info: 
(fontspec)             latinmodern-math scale = 0.9999964596882403.


Package fontspec Info: 
(fontspec)             latinmodern-math scale = 0.9999964596882403.


Package fontspec Info: 
(fontspec)             Font family 'latinmodern-math.otf(0)' created for font
(fontspec)             'latinmodern-math.otf' with options
(fontspec)             [Scale=MatchLowercase,BoldItalicFont={},ItalicFont={},SmallCapsFont={},Script=Math,BoldFont={latinmodern-math.otf}].
(fontspec)              
(fontspec)              This font family consists of the following NFSS
(fontspec)             series/shapes:
(fontspec)              
(fontspec)             - 'normal' (m/n) with NFSS spec.:
(fontspec)             <->s*[0.9999964596882403]"[latinmodern-math.otf]/OT:script=math;language=dflt;"
(fontspec)             - 'bold' (b/n) with NFSS spec.:
(fontspec)             <->s*[0.9999964596882403]"[latinmodern-math.otf]/OT:script=math;language=dflt;"

LaTeX Font Info:    Font shape `TU/latinmodern-math.otf(0)/m/n' will be
(Font)              scaled to size 10.0pt on input line 130.

Package fontspec Info: 
(fontspec)             latinmodern-math scale = 0.9999964596882403.


Package fontspec Info: 
(fontspec)             latinmodern-math scale = 0.9999964596882403.


Package fontspec Info: 
(fontspec)             latinmodern-math scale = 0.9999964596882403.


Package fontspec Info: 
(fontspec)             latinmodern-math scale = 0.9999964596882403.


Package fontspec Info: 
(fontspec)             latinmodern-math scale = 0.9999964596882403.


Package fontspec Info: 
(fontspec)             Font family 'latinmodern-math.otf(1)' created for font
(fontspec)             'latinmodern-math.otf' with options
(fontspec)             [Scale=MatchLowercase,BoldItalicFont={},ItalicFont={},SmallCapsFont={},Script=Math,SizeFeatures={{Size=8.5-},{Size=6-8.5,Font=latinmodern-math.otf,Style=MathScript},{Size=-6,Font=latinmodern-math.otf,Style=MathScriptScript}},BoldFont={latinmodern-math.otf}].
(fontspec)              
(fontspec)              This font family consists of the following NFSS
(fontspec)             series/shapes:
(fontspec)              
(fontspec)             - 'normal' (m/n) with NFSS spec.:
(fontspec)             <8.5->s*[0.9999964596882403]"[latinmodern-math.otf]/OT:script=math;language=dflt;"<6-8.5>s*[0.9999964596882403]"[latinmodern-math.otf]/OT:script=math;language=dflt;+ssty=0;"<-6>s*[0.9999964596882403]"[latinmodern-math.otf]/OT:script=math;language=dflt;+ssty=1;"
(fontspec)             - 'bold' (b/n) with NFSS spec.:
(fontspec)             <->s*[0.9999964596882403]"[latinmodern-math.otf]/OT:script=math;language=dflt;"

LaTeX Font Info:    Font shape `TU/latinmodern-math.otf(1)/m/n' will be
(Font)              scaled to size 10.0pt on input line 130.
LaTeX Font Info:    Encoding `OT1' has changed to `TU' for symbol font
(Font)              `operators' in the math version `normal' on input line 130.
LaTeX Font Info:    Overwriting symbol font `operators' in version `normal'
(Font)                  OT1/lmr/m/n --> TU/latinmodern-math.otf(1)/m/n on input line 130.
LaTeX Font Info:    Encoding `OT1' has changed to `TU' for symbol font
(Font)              `operators' in the math version `bold' on input line 130.
LaTeX Font Info:    Overwriting symbol font `operators' in version `bold'
(Font)                  OT1/lmr/bx/n --> TU/latinmodern-math.otf(1)/b/n on input line 130.

Package fontspec Info: 
(fontspec)             latinmodern-math scale = 0.9999964596882403.


Package fontspec Info: 
(fontspec)             latinmodern-math scale = 1.000096459334209.


Package fontspec Info: 
(fontspec)             latinmodern-math scale = 0.9999964596882403.


Package fontspec Info: 
(fontspec)             latinmodern-math scale = 1.000096459334209.


Package fontspec Info: 
(fontspec)             latinmodern-math scale = 0.9999964596882403.


Package fontspec Info: 
(fontspec)             latinmodern-math scale = 1.000096459334209.


Package fontspec Info: 
(fontspec)             latinmodern-math scale = 0.9999964596882403.


Package fontspec Info: 
(fontspec)             latinmodern-math scale = 1.000096459334209.


Package fontspec Info: 
(fontspec)             latinmodern-math scale = 0.9999964596882403.


Package fontspec Info: 
(fontspec)             latinmodern-math scale = 1.000096459334209.


Package fontspec Info: 
(fontspec)             Font family 'latinmodern-math.otf(2)' created for font
(fontspec)             'latinmodern-math.otf' with options
(fontspec)             [Scale=MatchLowercase,BoldItalicFont={},ItalicFont={},SmallCapsFont={},Script=Math,SizeFeatures={{Size=8.5-},{Size=6-8.5,Font=latinmodern-math.otf,Style=MathScript},{Size=-6,Font=latinmodern-math.otf,Style=MathScriptScript}},BoldFont={latinmodern-math.otf},ScaleAgain=1.0001,FontAdjustment={\fontdimen
(fontspec)             8\font =6.77pt\relax \fontdimen 9\font =3.94pt\relax
(fontspec)             \fontdimen 10\font =4.44pt\relax \fontdimen 11\font
(fontspec)             =6.86pt\relax \fontdimen 12\font =3.45pt\relax
(fontspec)             \fontdimen 13\font =3.63pt\relax \fontdimen 14\font
(fontspec)             =3.63pt\relax \fontdimen 15\font =2.89pt\relax
(fontspec)             \fontdimen 16\font =2.47pt\relax \fontdimen 17\font
(fontspec)             =2.47pt\relax \fontdimen 18\font =2.5pt\relax
(fontspec)             \fontdimen 19\font =2.0pt\relax \fontdimen 22\font
(fontspec)             =2.5pt\relax \fontdimen 20\font =0pt\relax \fontdimen
(fontspec)             21\font =0pt\relax }].
(fontspec)              
(fontspec)              This font family consists of the following NFSS
(fontspec)             series/shapes:
(fontspec)              
(fontspec)             - 'normal' (m/n) with NFSS spec.:
(fontspec)             <8.5->s*[1.000096459334209]"[latinmodern-math.otf]/OT:script=math;language=dflt;"<6-8.5>s*[1.000096459334209]"[latinmodern-math.otf]/OT:script=math;language=dflt;+ssty=0;"<-6>s*[1.000096459334209]"[latinmodern-math.otf]/OT:script=math;language=dflt;+ssty=1;"
(fontspec)             - 'bold' (b/n) with NFSS spec.:
(fontspec)             <->s*[1.000096459334209]"[latinmodern-math.otf]/OT:script=math;language=dflt;"

LaTeX Font Info:    Encoding `OMS' has changed to `TU' for symbol font
(Font)              `symbols' in the math version `normal' on input line 130.
LaTeX Font Info:    Overwriting symbol font `symbols' in version `normal'
(Font)                  OMS/lmsy/m/n --> TU/latinmodern-math.otf(2)/m/n on input line 130.
LaTeX Font Info:    Encoding `OMS' has changed to `TU' for symbol font
(Font)              `symbols' in the math version `bold' on input line 130.
LaTeX Font Info:    Overwriting symbol font `symbols' in version `bold'
(Font)                  OMS/lmsy/b/n --> TU/latinmodern-math.otf(2)/b/n on input line 130.

Package fontspec Info: 
(fontspec)             latinmodern-math scale = 0.9999964596882403.


Package fontspec Info: 
(fontspec)             latinmodern-math scale = 0.9998964600422715.


Package fontspec Info: 
(fontspec)             latinmodern-math scale = 0.9999964596882403.


Package fontspec Info: 
(fontspec)             latinmodern-math scale = 0.9998964600422715.


Package fontspec Info: 
(fontspec)             latinmodern-math scale = 0.9999964596882403.


Package fontspec Info: 
(fontspec)             latinmodern-math scale = 0.9998964600422715.


Package fontspec Info: 
(fontspec)             latinmodern-math scale = 0.9999964596882403.


Package fontspec Info: 
(fontspec)             latinmodern-math scale = 0.9998964600422715.


Package fontspec Info: 
(fontspec)             latinmodern-math scale = 0.9999964596882403.


Package fontspec Info: 
(fontspec)             latinmodern-math scale = 0.9998964600422715.


Package fontspec Info: 
(fontspec)             Font family 'latinmodern-math.otf(3)' created for font
(fontspec)             'latinmodern-math.otf' with options
(fontspec)             [Scale=MatchLowercase,BoldItalicFont={},ItalicFont={},SmallCapsFont={},Script=Math,SizeFeatures={{Size=8.5-},{Size=6-8.5,Font=latinmodern-math.otf,Style=MathScript},{Size=-6,Font=latinmodern-math.otf,Style=MathScriptScript}},BoldFont={latinmodern-math.otf},ScaleAgain=0.9999,FontAdjustment={\fontdimen
(fontspec)             8\font =0.4pt\relax \fontdimen 9\font =2.0pt\relax
(fontspec)             \fontdimen 10\font =1.67pt\relax \fontdimen 11\font
(fontspec)             =1.11pt\relax \fontdimen 12\font =6.0pt\relax
(fontspec)             \fontdimen 13\font =0pt\relax }].
(fontspec)              
(fontspec)              This font family consists of the following NFSS
(fontspec)             series/shapes:
(fontspec)              
(fontspec)             - 'normal' (m/n) with NFSS spec.:
(fontspec)             <8.5->s*[0.9998964600422715]"[latinmodern-math.otf]/OT:script=math;language=dflt;"<6-8.5>s*[0.9998964600422715]"[latinmodern-math.otf]/OT:script=math;language=dflt;+ssty=0;"<-6>s*[0.9998964600422715]"[latinmodern-math.otf]/OT:script=math;language=dflt;+ssty=1;"
(fontspec)             - 'bold' (b/n) with NFSS spec.:
(fontspec)             <->s*[0.9998964600422715]"[latinmodern-math.otf]/OT:script=math;language=dflt;"

LaTeX Font Info:    Encoding `OMX' has changed to `TU' for symbol font
(Font)              `largesymbols' in the math version `normal' on input line 130.
LaTeX Font Info:    Overwriting symbol font `largesymbols' in version `normal'
(Font)                  OMX/lmex/m/n --> TU/latinmodern-math.otf(3)/m/n on input line 130.
LaTeX Font Info:    Encoding `OMX' has changed to `TU' for symbol font
(Font)              `largesymbols' in the math version `bold' on input line 130.
LaTeX Font Info:    Overwriting symbol font `largesymbols' in version `bold'
(Font)                  OMX/lmex/m/n --> TU/latinmodern-math.otf(3)/b/n on input line 130.
Package hyperref Info: Link coloring OFF on input line 130.
LaTeX Font Info:    Font shape `TU/latinmodern-math.otf(1)/m/n' will be
(Font)              scaled to size 12.0pt on input line 132.
LaTeX Font Info:    Font shape `TU/latinmodern-math.otf(1)/m/n' will be
(Font)              scaled to size 8.0pt on input line 132.
LaTeX Font Info:    Font shape `TU/latinmodern-math.otf(1)/m/n' will be
(Font)              scaled to size 6.0pt on input line 132.
LaTeX Font Info:    Trying to load font information for OML+lmm on input line 132.
(/Users/juergen/Library/TinyTeX/texmf-dist/tex/latex/lm/omllmm.fd
File: omllmm.fd 2015/05/01 v1.6.1 Font defs for Latin Modern
)
LaTeX Font Info:    Font shape `TU/latinmodern-math.otf(2)/m/n' will be
(Font)              scaled to size 12.0011pt on input line 132.
LaTeX Font Info:    Font shape `TU/latinmodern-math.otf(2)/m/n' will be
(Font)              scaled to size 8.00073pt on input line 132.
LaTeX Font Info:    Font shape `TU/latinmodern-math.otf(2)/m/n' will be
(Font)              scaled to size 6.00055pt on input line 132.
LaTeX Font Info:    Font shape `TU/latinmodern-math.otf(3)/m/n' will be
(Font)              scaled to size 11.99872pt on input line 132.
LaTeX Font Info:    Font shape `TU/latinmodern-math.otf(3)/m/n' will be
(Font)              scaled to size 7.99915pt on input line 132.
LaTeX Font Info:    Font shape `TU/latinmodern-math.otf(3)/m/n' will be
(Font)              scaled to size 5.99936pt on input line 132.
LaTeX Font Info:    Trying to load font information for U+msa on input line 132.
(/Users/juergen/Library/TinyTeX/texmf-dist/tex/latex/amsfonts/umsa.fd
File: umsa.fd 2013/01/14 v3.01 AMS symbols A
)
LaTeX Font Info:    Trying to load font information for U+msb on input line 132.
(/Users/juergen/Library/TinyTeX/texmf-dist/tex/latex/amsfonts/umsb.fd
File: umsb.fd 2013/01/14 v3.01 AMS symbols B
)

[1


]

[2

] (./bookdown-demo.toc
LaTeX Font Info:    Font shape `TU/latinmodern-math.otf(1)/m/n' will be
(Font)              scaled to size 7.0pt on input line 2.
LaTeX Font Info:    Font shape `TU/latinmodern-math.otf(1)/m/n' will be
(Font)              scaled to size 5.0pt on input line 2.
LaTeX Font Info:    Font shape `TU/latinmodern-math.otf(2)/m/n' will be
(Font)              scaled to size 10.00092pt on input line 2.
LaTeX Font Info:    Font shape `TU/latinmodern-math.otf(2)/m/n' will be
(Font)              scaled to size 7.00064pt on input line 2.
LaTeX Font Info:    Font shape `TU/latinmodern-math.otf(2)/m/n' will be
(Font)              scaled to size 5.00046pt on input line 2.
LaTeX Font Info:    Font shape `TU/latinmodern-math.otf(3)/m/n' will be
(Font)              scaled to size 9.99893pt on input line 2.
LaTeX Font Info:    Font shape `TU/latinmodern-math.otf(3)/m/n' will be
(Font)              scaled to size 6.99925pt on input line 2.
LaTeX Font Info:    Font shape `TU/latinmodern-math.otf(3)/m/n' will be
(Font)              scaled to size 4.99947pt on input line 2.
)
\tf@toc=\write4
\openout4 = `bookdown-demo.toc'.



[3]

[4

]
Chapter 1.


[5]
File: bookdown-demo_files/figure-latex/unnamed-chunk-1-1.pdf Graphic file (type pdf)
<use bookdown-demo_files/figure-latex/unnamed-chunk-1-1.pdf>


[6]
Chapter 2.


[7

]

[8]


Overfull \hbox (33.87901pt too wide) has occurred while \output is active
\TU/lmr/m/sl/10 2.1.  WHAT IS STATISTICAL MODELING AND WHAT DO WE NEED THIS FOR? \TU/lmr/m/n/10 9
 []

[9]

[10]
LaTeX Font Info:    Font shape `TU/lmtt/bx/n' in size <10> not available
(Font)              Font shape `TU/lmtt/b/n' tried instead on input line 430.



Overfull \hbox (87.77905pt too wide) has occurred while \output is active
\TU/lmr/m/sl/10 2.2.  A (SIMPLE) MODEL FOR ADULT BODY HEIGHTS IN THE BAYESIAN FRAMEWORK \TU/lmr/m/n/10 11
 []

[11]
File: bookdown-demo_files/figure-latex/unnamed-chunk-3-1.pdf Graphic file (type pdf)
<use bookdown-demo_files/figure-latex/unnamed-chunk-3-1.pdf>


[12]
File: bookdown-demo_files/figure-latex/unnamed-chunk-4-1.pdf Graphic file (type pdf)
<use bookdown-demo_files/figure-latex/unnamed-chunk-4-1.pdf>

Overfull \hbox (184.17107pt too wide) in paragraph at lines 503--505
[]\TU/lmr/bx/n/10 Vizualisation of the model structure\TU/lmr/m/n/10 : [] 
 []




Overfull \hbox (87.77905pt too wide) has occurred while \output is active
\TU/lmr/m/sl/10 2.2.  A (SIMPLE) MODEL FOR ADULT BODY HEIGHTS IN THE BAYESIAN FRAMEWORK \TU/lmr/m/n/10 13
 []

[13]
File: bookdown-demo_files/figure-latex/unnamed-chunk-5-1.pdf Graphic file (type pdf)
<use bookdown-demo_files/figure-latex/unnamed-chunk-5-1.pdf>


[14]
File: bookdown-demo_files/figure-latex/unnamed-chunk-6-1.pdf Graphic file (type pdf)
<use bookdown-demo_files/figure-latex/unnamed-chunk-6-1.pdf>
File: bookdown-demo_files/figure-latex/unnamed-chunk-7-1.pdf Graphic file (type pdf)
<use bookdown-demo_files/figure-latex/unnamed-chunk-7-1.pdf>

Underfull \vbox (badness 1838) has occurred while \output is active []




Overfull \hbox (87.77905pt too wide) has occurred while \output is active
\TU/lmr/m/sl/10 2.2.  A (SIMPLE) MODEL FOR ADULT BODY HEIGHTS IN THE BAYESIAN FRAMEWORK \TU/lmr/m/n/10 15
 []

[15]

[16]


Overfull \hbox (87.77905pt too wide) has occurred while \output is active
\TU/lmr/m/sl/10 2.2.  A (SIMPLE) MODEL FOR ADULT BODY HEIGHTS IN THE BAYESIAN FRAMEWORK \TU/lmr/m/n/10 17
 []

[17]
File: bookdown-demo_files/figure-latex/unnamed-chunk-11-1.pdf Graphic file (type pdf)
<use bookdown-demo_files/figure-latex/unnamed-chunk-11-1.pdf>
File: bookdown-demo_files/figure-latex/unnamed-chunk-11-2.pdf Graphic file (type pdf)
<use bookdown-demo_files/figure-latex/unnamed-chunk-11-2.pdf>


[18]
File: bookdown-demo_files/figure-latex/posterior-3d-correct-1.pdf Graphic file (type pdf)
<use bookdown-demo_files/figure-latex/posterior-3d-correct-1.pdf>

Underfull \vbox (badness 2443) has occurred while \output is active []




Overfull \hbox (87.77905pt too wide) has occurred while \output is active
\TU/lmr/m/sl/10 2.2.  A (SIMPLE) MODEL FOR ADULT BODY HEIGHTS IN THE BAYESIAN FRAMEWORK \TU/lmr/m/n/10 19
 []

[19]

[20]
Overfull \hbox (32.17105pt too wide) detected at line 823
[][][][][][][] [] [][][][][][][][] [] [][][] [] [][][][][][][][] [] [][][] [] [] [] [][][][][][][][] [] [][][] []
 []



[21]

[22]

[23]
File: bookdown-demo_files/figure-latex/unnamed-chunk-16-1.pdf Graphic file (type pdf)
<use bookdown-demo_files/figure-latex/unnamed-chunk-16-1.pdf>


[24]

[25]
File: bookdown-demo_files/figure-latex/unnamed-chunk-17-1.pdf Graphic file (type pdf)
<use bookdown-demo_files/figure-latex/unnamed-chunk-17-1.pdf>


[26]

[27]
File: bookdown-demo_files/figure-latex/unnamed-chunk-18-1.pdf Graphic file (type pdf)
<use bookdown-demo_files/figure-latex/unnamed-chunk-18-1.pdf>


[28]

[29]

[30]

[31]

[32

]
Chapter 3.


[33]
File: bookdown-demo_files/figure-latex/unnamed-chunk-21-1.pdf Graphic file (type pdf)
<use bookdown-demo_files/figure-latex/unnamed-chunk-21-1.pdf>


[34]
Overfull \hbox (400.5pt too wide) in paragraph at lines 1351--1351
[]\TU/lmtt/m/n/10 ## file:////private/var/folders/pm/jd6n6gj10371_bml1gh8sc5w0000gn/T/Rtmp1cF8Ch/file108aa1ce42153/widget108aa4547def6.html screenshot completed[] 
 []

File: bookdown-demo_files/figure-latex/unnamed-chunk-22-1.pdf Graphic file (type pdf)
<use bookdown-demo_files/figure-latex/unnamed-chunk-22-1.pdf>


[35]
File: bookdown-demo_files/figure-latex/unnamed-chunk-23-1.pdf Graphic file (type pdf)
<use bookdown-demo_files/figure-latex/unnamed-chunk-23-1.pdf>

Underfull \vbox (badness 10000) has occurred while \output is active []



[36]

[37]
File: bookdown-demo_files/figure-latex/unnamed-chunk-24-1.pdf Graphic file (type pdf)
<use bookdown-demo_files/figure-latex/unnamed-chunk-24-1.pdf>


[38]
File: bookdown-demo_files/figure-latex/unnamed-chunk-26-1.pdf Graphic file (type pdf)
<use bookdown-demo_files/figure-latex/unnamed-chunk-26-1.pdf>


[39]
File: bookdown-demo_files/figure-latex/unnamed-chunk-28-1.pdf Graphic file (type pdf)
<use bookdown-demo_files/figure-latex/unnamed-chunk-28-1.pdf>

Underfull \vbox (badness 6708) has occurred while \output is active []



[40]
File: bookdown-demo_files/figure-latex/unnamed-chunk-28-2.pdf Graphic file (type pdf)
<use bookdown-demo_files/figure-latex/unnamed-chunk-28-2.pdf>


[41]
File: bookdown-demo_files/figure-latex/unnamed-chunk-28-3.pdf Graphic file (type pdf)
<use bookdown-demo_files/figure-latex/unnamed-chunk-28-3.pdf>


[42]
File: bookdown-demo_files/figure-latex/unnamed-chunk-29-1.pdf Graphic file (type pdf)
<use bookdown-demo_files/figure-latex/unnamed-chunk-29-1.pdf>
File: bookdown-demo_files/figure-latex/unnamed-chunk-30-1.pdf Graphic file (type pdf)
<use bookdown-demo_files/figure-latex/unnamed-chunk-30-1.pdf>

Underfull \vbox (badness 10000) has occurred while \output is active []



[43]

[44]
File: bookdown-demo_files/figure-latex/unnamed-chunk-31-1.pdf Graphic file (type pdf)
<use bookdown-demo_files/figure-latex/unnamed-chunk-31-1.pdf>
File: bookdown-demo_files/figure-latex/unnamed-chunk-32-1.pdf Graphic file (type pdf)
<use bookdown-demo_files/figure-latex/unnamed-chunk-32-1.pdf>

Underfull \vbox (badness 10000) has occurred while \output is active []



[45]

[46]


Overfull \hbox (20.43344pt too wide) has occurred while \output is active
\TU/lmr/m/sl/10 3.2.  SIMPLE LINEAR REGRESSION IN THE FREQUENTIST FRAMEWORK \TU/lmr/m/n/10 47
 []

[47]
Missing character: There is no 𝛽 (U+1D6FD) in font [lmroman10-bold]:mapping=tex-text;!
Missing character: There is no 𝛽 (U+1D6FD) in font [lmroman10-bold]:mapping=tex-text;!
File: bookdown-demo_files/figure-latex/unnamed-chunk-34-1.pdf Graphic file (type pdf)
<use bookdown-demo_files/figure-latex/unnamed-chunk-34-1.pdf>

Underfull \vbox (badness 10000) has occurred while \output is active []



[48]


Overfull \hbox (20.43344pt too wide) has occurred while \output is active
\TU/lmr/m/sl/10 3.2.  SIMPLE LINEAR REGRESSION IN THE FREQUENTIST FRAMEWORK \TU/lmr/m/n/10 49
 []

[49]

[50]
Overfull \hbox (400.5pt too wide) in paragraph at lines 2027--2027
[]\TU/lmtt/m/n/10 ## file:////private/var/folders/pm/jd6n6gj10371_bml1gh8sc5w0000gn/T/Rtmp1cF8Ch/file108aa750d1eb3/widget108aa305ab5ce.html screenshot completed[] 
 []

File: bookdown-demo_files/figure-latex/unnamed-chunk-36-1.pdf Graphic file (type pdf)
<use bookdown-demo_files/figure-latex/unnamed-chunk-36-1.pdf>



Overfull \hbox (20.43344pt too wide) has occurred while \output is active
\TU/lmr/m/sl/10 3.2.  SIMPLE LINEAR REGRESSION IN THE FREQUENTIST FRAMEWORK \TU/lmr/m/n/10 51
 []

[51]

[52]


Overfull \hbox (20.43344pt too wide) has occurred while \output is active
\TU/lmr/m/sl/10 3.2.  SIMPLE LINEAR REGRESSION IN THE FREQUENTIST FRAMEWORK \TU/lmr/m/n/10 53
 []

[53]
Overfull \hbox (23.59602pt too wide) detected at line 2138
[] [] [] [] []
 []

File: bookdown-demo_files/figure-latex/unnamed-chunk-41-1.pdf Graphic file (type pdf)
<use bookdown-demo_files/figure-latex/unnamed-chunk-41-1.pdf>


[54]


Overfull \hbox (20.43344pt too wide) has occurred while \output is active
\TU/lmr/m/sl/10 3.2.  SIMPLE LINEAR REGRESSION IN THE FREQUENTIST FRAMEWORK \TU/lmr/m/n/10 55
 []

[55]
File: bookdown-demo_files/figure-latex/unnamed-chunk-42-1.pdf Graphic file (type pdf)
<use bookdown-demo_files/figure-latex/unnamed-chunk-42-1.pdf>


[56]

LaTeX Warning: Hyper reference `exercise11_simpl_lin_r' on page 57 undefined on input line 2300.




Overfull \hbox (20.43344pt too wide) has occurred while \output is active
\TU/lmr/m/sl/10 3.2.  SIMPLE LINEAR REGRESSION IN THE FREQUENTIST FRAMEWORK \TU/lmr/m/n/10 57
 []

[57]
File: bookdown-demo_files/figure-latex/unnamed-chunk-44-1.pdf Graphic file (type pdf)
<use bookdown-demo_files/figure-latex/unnamed-chunk-44-1.pdf>

Underfull \vbox (badness 1831) has occurred while \output is active []



[58]
File: bookdown-demo_files/figure-latex/unnamed-chunk-45-1.pdf Graphic file (type pdf)
<use bookdown-demo_files/figure-latex/unnamed-chunk-45-1.pdf>



Overfull \hbox (20.43344pt too wide) has occurred while \output is active
\TU/lmr/m/sl/10 3.2.  SIMPLE LINEAR REGRESSION IN THE FREQUENTIST FRAMEWORK \TU/lmr/m/n/10 59
 []

[59]
File: bookdown-demo_files/figure-latex/unnamed-chunk-46-1.pdf Graphic file (type pdf)
<use bookdown-demo_files/figure-latex/unnamed-chunk-46-1.pdf>


[60]
File: bookdown-demo_files/figure-latex/unnamed-chunk-47-1.pdf Graphic file (type pdf)
<use bookdown-demo_files/figure-latex/unnamed-chunk-47-1.pdf>



Overfull \hbox (20.43344pt too wide) has occurred while \output is active
\TU/lmr/m/sl/10 3.2.  SIMPLE LINEAR REGRESSION IN THE FREQUENTIST FRAMEWORK \TU/lmr/m/n/10 61
 []

[61]
File: bookdown-demo_files/figure-latex/unnamed-chunk-48-1.pdf Graphic file (type pdf)
<use bookdown-demo_files/figure-latex/unnamed-chunk-48-1.pdf>
File: bookdown-demo_files/figure-latex/unnamed-chunk-49-1.pdf Graphic file (type pdf)
<use bookdown-demo_files/figure-latex/unnamed-chunk-49-1.pdf>


[62]
File: bookdown-demo_files/figure-latex/unnamed-chunk-50-1.pdf Graphic file (type pdf)
<use bookdown-demo_files/figure-latex/unnamed-chunk-50-1.pdf>

Underfull \vbox (badness 10000) has occurred while \output is active []




Overfull \hbox (20.43344pt too wide) has occurred while \output is active
\TU/lmr/m/sl/10 3.2.  SIMPLE LINEAR REGRESSION IN THE FREQUENTIST FRAMEWORK \TU/lmr/m/n/10 63
 []

[63]
File: bookdown-demo_files/figure-latex/unnamed-chunk-51-1.pdf Graphic file (type pdf)
<use bookdown-demo_files/figure-latex/unnamed-chunk-51-1.pdf>


[64]
File: bookdown-demo_files/figure-latex/unnamed-chunk-52-1.pdf Graphic file (type pdf)
<use bookdown-demo_files/figure-latex/unnamed-chunk-52-1.pdf>



Overfull \hbox (20.43344pt too wide) has occurred while \output is active
\TU/lmr/m/sl/10 3.2.  SIMPLE LINEAR REGRESSION IN THE FREQUENTIST FRAMEWORK \TU/lmr/m/n/10 65
 []

[65]
File: bookdown-demo_files/figure-latex/unnamed-chunk-53-1.pdf Graphic file (type pdf)
<use bookdown-demo_files/figure-latex/unnamed-chunk-53-1.pdf>
File: bookdown-demo_files/figure-latex/unnamed-chunk-53-2.pdf Graphic file (type pdf)
<use bookdown-demo_files/figure-latex/unnamed-chunk-53-2.pdf>


[66]


Overfull \hbox (20.43344pt too wide) has occurred while \output is active
\TU/lmr/m/sl/10 3.2.  SIMPLE LINEAR REGRESSION IN THE FREQUENTIST FRAMEWORK \TU/lmr/m/n/10 67
 []

[67]
File: bookdown-demo_files/figure-latex/unnamed-chunk-55-1.pdf Graphic file (type pdf)
<use bookdown-demo_files/figure-latex/unnamed-chunk-55-1.pdf>
File: bookdown-demo_files/figure-latex/unnamed-chunk-56-1.pdf Graphic file (type pdf)
<use bookdown-demo_files/figure-latex/unnamed-chunk-56-1.pdf>


[68]
File: bookdown-demo_files/figure-latex/unnamed-chunk-57-1.pdf Graphic file (type pdf)
<use bookdown-demo_files/figure-latex/unnamed-chunk-57-1.pdf>

Underfull \vbox (badness 10000) has occurred while \output is active []




Overfull \hbox (20.43344pt too wide) has occurred while \output is active
\TU/lmr/m/sl/10 3.2.  SIMPLE LINEAR REGRESSION IN THE FREQUENTIST FRAMEWORK \TU/lmr/m/n/10 69
 []

[69]

[70]

[71]

[72]

[73]

[74]
Chapter 4.


[75

]
File: bookdown-demo_files/figure-latex/unnamed-chunk-58-1.pdf Graphic file (type pdf)
<use bookdown-demo_files/figure-latex/unnamed-chunk-58-1.pdf>

Underfull \vbox (badness 3240) has occurred while \output is active []



[76]


Overfull \hbox (65.97234pt too wide) has occurred while \output is active
\TU/lmr/m/sl/10 4.1.  LINEAR REGRESSION WITH 2 PREDICTORS IN THE BAYESIAN FRAMEWORK \TU/lmr/m/n/10 77
 []

[77]
File: bookdown-demo_files/figure-latex/unnamed-chunk-59-1.pdf Graphic file (type pdf)
<use bookdown-demo_files/figure-latex/unnamed-chunk-59-1.pdf>

Underfull \vbox (badness 5475) has occurred while \output is active []



[78]


Overfull \hbox (65.97234pt too wide) has occurred while \output is active
\TU/lmr/m/sl/10 4.1.  LINEAR REGRESSION WITH 2 PREDICTORS IN THE BAYESIAN FRAMEWORK \TU/lmr/m/n/10 79
 []

[79]
File: bookdown-demo_files/figure-latex/unnamed-chunk-60-1.pdf Graphic file (type pdf)
<use bookdown-demo_files/figure-latex/unnamed-chunk-60-1.pdf>


[80]
File: bookdown-demo_files/figure-latex/unnamed-chunk-60-2.pdf Graphic file (type pdf)
<use bookdown-demo_files/figure-latex/unnamed-chunk-60-2.pdf>



Overfull \hbox (65.97234pt too wide) has occurred while \output is active
\TU/lmr/m/sl/10 4.1.  LINEAR REGRESSION WITH 2 PREDICTORS IN THE BAYESIAN FRAMEWORK \TU/lmr/m/n/10 81
 []

[81]

[82]
File: bookdown-demo_files/figure-latex/unnamed-chunk-62-1.pdf Graphic file (type pdf)
<use bookdown-demo_files/figure-latex/unnamed-chunk-62-1.pdf>



Overfull \hbox (65.97234pt too wide) has occurred while \output is active
\TU/lmr/m/sl/10 4.1.  LINEAR REGRESSION WITH 2 PREDICTORS IN THE BAYESIAN FRAMEWORK \TU/lmr/m/n/10 83
 []

[83]
File: bookdown-demo_files/figure-latex/unnamed-chunk-63-1.pdf Graphic file (type pdf)
<use bookdown-demo_files/figure-latex/unnamed-chunk-63-1.pdf>


[84]


Overfull \hbox (87.64235pt too wide) has occurred while \output is active
\TU/lmr/m/sl/10 4.2.  LINEAR REGRESSION WITH 2 PREDICTORS IN THE FREQUENTIST FRAMEWORK \TU/lmr/m/n/10 85
 []

[85]

[86]


Overfull \hbox (87.64235pt too wide) has occurred while \output is active
\TU/lmr/m/sl/10 4.2.  LINEAR REGRESSION WITH 2 PREDICTORS IN THE FREQUENTIST FRAMEWORK \TU/lmr/m/n/10 87
 []

[87]
Overfull \hbox (1.5pt too wide) in paragraph at lines 3487--3487
[]\TU/lmtt/m/n/10 ## Some of the variables were in matrix-format - probably you used[] 
 []


Overfull \hbox (48.75pt too wide) in paragraph at lines 3487--3487
[]\TU/lmtt/m/n/10 ##   If so, and you get an error, please try `datawizard::standardize()` to[] 
 []


Overfull \hbox (1.5pt too wide) in paragraph at lines 3487--3487
[]\TU/lmtt/m/n/10 ## Some of the variables were in matrix-format - probably you used[] 
 []


Overfull \hbox (48.75pt too wide) in paragraph at lines 3487--3487
[]\TU/lmtt/m/n/10 ##   If so, and you get an error, please try `datawizard::standardize()` to[] 
 []

File: bookdown-demo_files/figure-latex/unnamed-chunk-65-1.pdf Graphic file (type pdf)
<use bookdown-demo_files/figure-latex/unnamed-chunk-65-1.pdf>

Underfull \vbox (badness 10000) has occurred while \output is active []



[88]


Overfull \hbox (87.64235pt too wide) has occurred while \output is active
\TU/lmr/m/sl/10 4.2.  LINEAR REGRESSION WITH 2 PREDICTORS IN THE FREQUENTIST FRAMEWORK \TU/lmr/m/n/10 89
 []

[89]

[90]
Underfull \vbox (badness 1742) detected at line 3624
 []


Underfull \vbox (badness 1248) has occurred while \output is active []




Overfull \hbox (87.64235pt too wide) has occurred while \output is active
\TU/lmr/m/sl/10 4.2.  LINEAR REGRESSION WITH 2 PREDICTORS IN THE FREQUENTIST FRAMEWORK \TU/lmr/m/n/10 91
 []

[91]
Overfull \hbox (400.5pt too wide) in paragraph at lines 3628--3628
[]\TU/lmtt/m/n/10 ## file:////private/var/folders/pm/jd6n6gj10371_bml1gh8sc5w0000gn/T/Rtmp1cF8Ch/file108aa5eb7c207/widget108aa72238a25.html screenshot completed[] 
 []

File: bookdown-demo_files/figure-latex/unnamed-chunk-66-1.pdf Graphic file (type pdf)
<use bookdown-demo_files/figure-latex/unnamed-chunk-66-1.pdf>


[92]
File: bookdown-demo_files/figure-latex/unnamed-chunk-67-1.pdf Graphic file (type pdf)
<use bookdown-demo_files/figure-latex/unnamed-chunk-67-1.pdf>



Overfull \hbox (87.64235pt too wide) has occurred while \output is active
\TU/lmr/m/sl/10 4.2.  LINEAR REGRESSION WITH 2 PREDICTORS IN THE FREQUENTIST FRAMEWORK \TU/lmr/m/n/10 93
 []

[93]
Missing character: There is no 𝛽 (U+1D6FD) in font [lmroman10-bold]:mapping=tex-text;!


[94]


Overfull \hbox (87.64235pt too wide) has occurred while \output is active
\TU/lmr/m/sl/10 4.2.  LINEAR REGRESSION WITH 2 PREDICTORS IN THE FREQUENTIST FRAMEWORK \TU/lmr/m/n/10 95
 []

[95]
Overfull \hbox (400.5pt too wide) in paragraph at lines 3820--3820
[]\TU/lmtt/m/n/10 ## file:////private/var/folders/pm/jd6n6gj10371_bml1gh8sc5w0000gn/T/Rtmp1cF8Ch/file108aa4db37b05/widget108aa4251ad1d.html screenshot completed[] 
 []

File: bookdown-demo_files/figure-latex/unnamed-chunk-68-1.pdf Graphic file (type pdf)
<use bookdown-demo_files/figure-latex/unnamed-chunk-68-1.pdf>

Underfull \vbox (badness 10000) has occurred while \output is active []



[96]


Overfull \hbox (87.64235pt too wide) has occurred while \output is active
\TU/lmr/m/sl/10 4.2.  LINEAR REGRESSION WITH 2 PREDICTORS IN THE FREQUENTIST FRAMEWORK \TU/lmr/m/n/10 97
 []

[97]

[98]


Overfull \hbox (87.64235pt too wide) has occurred while \output is active
\TU/lmr/m/sl/10 4.2.  LINEAR REGRESSION WITH 2 PREDICTORS IN THE FREQUENTIST FRAMEWORK \TU/lmr/m/n/10 99
 []

[99]
File: bookdown-demo_files/figure-latex/unnamed-chunk-71-1.pdf Graphic file (type pdf)
<use bookdown-demo_files/figure-latex/unnamed-chunk-71-1.pdf>


[100]
File: bookdown-demo_files/figure-latex/unnamed-chunk-72-1.pdf Graphic file (type pdf)
<use bookdown-demo_files/figure-latex/unnamed-chunk-72-1.pdf>



Overfull \hbox (92.64235pt too wide) has occurred while \output is active
\TU/lmr/m/sl/10 4.2.  LINEAR REGRESSION WITH 2 PREDICTORS IN THE FREQUENTIST FRAMEWORK \TU/lmr/m/n/10 101
 []

[101]

[102]
File: bookdown-demo_files/figure-latex/unnamed-chunk-73-1.pdf Graphic file (type pdf)
<use bookdown-demo_files/figure-latex/unnamed-chunk-73-1.pdf>



Overfull \hbox (119.73013pt too wide) has occurred while \output is active
\TU/lmr/m/sl/10 4.3.  WHAT HAPPENS WHEN YOU JUST THROW VARIABLES INTO MULTIPLE REGRESSION? \TU/lmr/m/n/10 103
 []

[103]
File: bookdown-demo_files/figure-latex/unnamed-chunk-74-1.pdf Graphic file (type pdf)
<use bookdown-demo_files/figure-latex/unnamed-chunk-74-1.pdf>
File: bookdown-demo_files/figure-latex/unnamed-chunk-74-2.pdf Graphic file (type pdf)
<use bookdown-demo_files/figure-latex/unnamed-chunk-74-2.pdf>

Underfull \vbox (badness 10000) has occurred while \output is active []



[104]


Overfull \hbox (119.73013pt too wide) has occurred while \output is active
\TU/lmr/m/sl/10 4.3.  WHAT HAPPENS WHEN YOU JUST THROW VARIABLES INTO MULTIPLE REGRESSION? \TU/lmr/m/n/10 105
 []

[105]

[106]


Overfull \hbox (119.73013pt too wide) has occurred while \output is active
\TU/lmr/m/sl/10 4.3.  WHAT HAPPENS WHEN YOU JUST THROW VARIABLES INTO MULTIPLE REGRESSION? \TU/lmr/m/n/10 107
 []

[107]

[108]
File: bookdown-demo_files/figure-latex/unnamed-chunk-77-1.pdf Graphic file (type pdf)
<use bookdown-demo_files/figure-latex/unnamed-chunk-77-1.pdf>
File: bookdown-demo_files/figure-latex/unnamed-chunk-77-2.pdf Graphic file (type pdf)
<use bookdown-demo_files/figure-latex/unnamed-chunk-77-2.pdf>

Underfull \vbox (badness 1490) has occurred while \output is active []




Overfull \hbox (119.73013pt too wide) has occurred while \output is active
\TU/lmr/m/sl/10 4.3.  WHAT HAPPENS WHEN YOU JUST THROW VARIABLES INTO MULTIPLE REGRESSION? \TU/lmr/m/n/10 109
 []

[109]

[110]
File: bookdown-demo_files/figure-latex/unnamed-chunk-78-1.pdf Graphic file (type pdf)
<use bookdown-demo_files/figure-latex/unnamed-chunk-78-1.pdf>



Overfull \hbox (119.73013pt too wide) has occurred while \output is active
\TU/lmr/m/sl/10 4.3.  WHAT HAPPENS WHEN YOU JUST THROW VARIABLES INTO MULTIPLE REGRESSION? \TU/lmr/m/n/10 111
 []

[111]
File: bookdown-demo_files/figure-latex/unnamed-chunk-78-2.pdf Graphic file (type pdf)
<use bookdown-demo_files/figure-latex/unnamed-chunk-78-2.pdf>


[112]
Overfull \hbox (1.5pt too wide) in paragraph at lines 4529--4529
[]\TU/lmtt/m/n/10 ## Multiple R-squared:  0.001898,   Adjusted R-squared:  0.0008978[] 
 []




Overfull \hbox (119.73013pt too wide) has occurred while \output is active
\TU/lmr/m/sl/10 4.3.  WHAT HAPPENS WHEN YOU JUST THROW VARIABLES INTO MULTIPLE REGRESSION? \TU/lmr/m/n/10 113
 []

[113]

[114]
File: bookdown-demo_files/figure-latex/unnamed-chunk-79-1.pdf Graphic file (type pdf)
<use bookdown-demo_files/figure-latex/unnamed-chunk-79-1.pdf>
File: bookdown-demo_files/figure-latex/unnamed-chunk-80-1.pdf Graphic file (type pdf)
<use bookdown-demo_files/figure-latex/unnamed-chunk-80-1.pdf>

Underfull \vbox (badness 10000) has occurred while \output is active []




Overfull \hbox (119.73013pt too wide) has occurred while \output is active
\TU/lmr/m/sl/10 4.3.  WHAT HAPPENS WHEN YOU JUST THROW VARIABLES INTO MULTIPLE REGRESSION? \TU/lmr/m/n/10 115
 []

[115]

[116]
Overfull \hbox (400.5pt too wide) in paragraph at lines 4720--4720
[]\TU/lmtt/m/n/10 ## file:////private/var/folders/pm/jd6n6gj10371_bml1gh8sc5w0000gn/T/Rtmp1cF8Ch/file108aa4c84e21e/widget108aa281946d1.html screenshot completed[] 
 []

File: bookdown-demo_files/figure-latex/unnamed-chunk-82-1.pdf Graphic file (type pdf)
<use bookdown-demo_files/figure-latex/unnamed-chunk-82-1.pdf>

Underfull \vbox (badness 10000) has occurred while \output is active []




Overfull \hbox (119.73013pt too wide) has occurred while \output is active
\TU/lmr/m/sl/10 4.3.  WHAT HAPPENS WHEN YOU JUST THROW VARIABLES INTO MULTIPLE REGRESSION? \TU/lmr/m/n/10 117
 []

[117]

[118]

[119]

[120]
Overfull \hbox (43.5pt too wide) in paragraph at lines 4913--4913
[]\TU/lmtt/m/n/10 ##      ID SurveyYr Gender   Age AgeDecade AgeMonths Race1 Race3 Education[] 
 []


Overfull \hbox (22.5pt too wide) in paragraph at lines 4913--4913
[]\TU/lmtt/m/n/10 ##   <int> <fct>    <fct>  <int> <fct>         <int> <fct> <fct> <fct>[] 
 []


Overfull \hbox (54.0pt too wide) in paragraph at lines 4913--4913
[]\TU/lmtt/m/n/10 ## 1 51624 2009_10  male      34 " 30-39"        409 White <NA>  High School[] 
 []


Overfull \hbox (54.0pt too wide) in paragraph at lines 4913--4913
[]\TU/lmtt/m/n/10 ## 2 51624 2009_10  male      34 " 30-39"        409 White <NA>  High School[] 
 []


Overfull \hbox (54.0pt too wide) in paragraph at lines 4913--4913
[]\TU/lmtt/m/n/10 ## 3 51624 2009_10  male      34 " 30-39"        409 White <NA>  High School[] 
 []


Overfull \hbox (17.25pt too wide) in paragraph at lines 4913--4913
[]\TU/lmtt/m/n/10 ## 4 51625 2009_10  male       4 " 0-9"           49 Other <NA>  <NA>[] 
 []


Overfull \hbox (59.25pt too wide) in paragraph at lines 4913--4913
[]\TU/lmtt/m/n/10 ## 5 51630 2009_10  female    49 " 40-49"        596 White <NA>  Some College[] 
 []


Overfull \hbox (17.25pt too wide) in paragraph at lines 4913--4913
[]\TU/lmtt/m/n/10 ## 6 51638 2009_10  male       9 " 0-9"          115 White <NA>  <NA>[] 
 []


Overfull \hbox (80.25pt too wide) in paragraph at lines 4913--4913
[]\TU/lmtt/m/n/10 ## # i 67 more variables: MaritalStatus <fct>, HHIncome <fct>, HHIncomeMid <int>,[] 
 []


Overfull \hbox (69.75pt too wide) in paragraph at lines 4913--4913
[]\TU/lmtt/m/n/10 ## #   Poverty <dbl>, HomeRooms <int>, HomeOwn <fct>, Work <fct>, Weight <dbl>,[] 
 []


Overfull \hbox (43.5pt too wide) in paragraph at lines 4913--4913
[]\TU/lmtt/m/n/10 ## #   BMICatUnder20yrs <fct>, BMI_WHO <fct>, Pulse <int>, BPSysAve <int>,[] 
 []


Overfull \hbox (64.5pt too wide) in paragraph at lines 4913--4913
[]\TU/lmtt/m/n/10 ## #   BPDiaAve <int>, BPSys1 <int>, BPDia1 <int>, BPSys2 <int>, BPDia2 <int>,[] 
 []


Overfull \hbox (33.0pt too wide) in paragraph at lines 4913--4913
[]\TU/lmtt/m/n/10 ## #   BPSys3 <int>, BPDia3 <int>, Testosterone <dbl>, DirectChol <dbl>,[] 
 []


Overfull \hbox (59.25pt too wide) in paragraph at lines 4913--4913
[]\TU/lmtt/m/n/10 ## #   TotChol <dbl>, UrineVol1 <int>, UrineFlow1 <dbl>, UrineVol2 <int>, ...[] 
 []


Overfull \hbox (22.5pt too wide) in paragraph at lines 4952--4952
[]\TU/lmtt/m/n/10 ##  [1] "ID"               "SurveyYr"         "Gender"           "Age"[] 
 []


Overfull \hbox (33.0pt too wide) in paragraph at lines 4952--4952
[]\TU/lmtt/m/n/10 ##  [5] "AgeDecade"        "AgeMonths"        "Race1"            "Race3"[] 
 []


Overfull \hbox (64.5pt too wide) in paragraph at lines 4952--4952
[]\TU/lmtt/m/n/10 ##  [9] "Education"        "MaritalStatus"    "HHIncome"         "HHIncomeMid"[] 
 []


Overfull \hbox (27.75pt too wide) in paragraph at lines 4952--4952
[]\TU/lmtt/m/n/10 ## [13] "Poverty"          "HomeRooms"        "HomeOwn"          "Work"[] 
 []


Overfull \hbox (38.25pt too wide) in paragraph at lines 4952--4952
[]\TU/lmtt/m/n/10 ## [17] "Weight"           "Length"           "HeadCirc"         "Height"[] 
 []


Overfull \hbox (33.0pt too wide) in paragraph at lines 4952--4952
[]\TU/lmtt/m/n/10 ## [21] "BMI"              "BMICatUnder20yrs" "BMI_WHO"          "Pulse"[] 
 []



[121]
Overfull \hbox (38.25pt too wide) in paragraph at lines 4952--4952
[]\TU/lmtt/m/n/10 ## [25] "BPSysAve"         "BPDiaAve"         "BPSys1"           "BPDia1"[] 
 []


Overfull \hbox (38.25pt too wide) in paragraph at lines 4952--4952
[]\TU/lmtt/m/n/10 ## [29] "BPSys2"           "BPDia2"           "BPSys3"           "BPDia3"[] 
 []


Overfull \hbox (54.0pt too wide) in paragraph at lines 4952--4952
[]\TU/lmtt/m/n/10 ## [33] "Testosterone"     "DirectChol"       "TotChol"          "UrineVol1"[] 
 []


Overfull \hbox (48.75pt too wide) in paragraph at lines 4952--4952
[]\TU/lmtt/m/n/10 ## [37] "UrineFlow1"       "UrineVol2"        "UrineFlow2"       "Diabetes"[] 
 []


Overfull \hbox (85.5pt too wide) in paragraph at lines 4952--4952
[]\TU/lmtt/m/n/10 ## [41] "DiabetesAge"      "HealthGen"        "DaysPhysHlthBad"  "DaysMentHlthBad"[] 
 []


Overfull \hbox (43.5pt too wide) in paragraph at lines 4952--4952
[]\TU/lmtt/m/n/10 ## [45] "LittleInterest"   "Depressed"        "nPregnancies"     "nBabies"[] 
 []


Overfull \hbox (59.25pt too wide) in paragraph at lines 4952--4952
[]\TU/lmtt/m/n/10 ## [49] "Age1stBaby"       "SleepHrsNight"    "SleepTrouble"     "PhysActive"[] 
 []


Overfull \hbox (75.0pt too wide) in paragraph at lines 4952--4952
[]\TU/lmtt/m/n/10 ## [53] "PhysActiveDays"   "TVHrsDay"         "CompHrsDay"       "TVHrsDayChild"[] 
 []


Overfull \hbox (64.5pt too wide) in paragraph at lines 4952--4952
[]\TU/lmtt/m/n/10 ## [57] "CompHrsDayChild"  "Alcohol12PlusYr"  "AlcoholDay"       "AlcoholYear"[] 
 []


Overfull \hbox (48.75pt too wide) in paragraph at lines 4952--4952
[]\TU/lmtt/m/n/10 ## [61] "SmokeNow"         "Smoke100"         "Smoke100n"        "SmokeAge"[] 
 []


Overfull \hbox (64.5pt too wide) in paragraph at lines 4952--4952
[]\TU/lmtt/m/n/10 ## [65] "Marijuana"        "AgeFirstMarij"    "RegularMarij"     "AgeRegMarij"[] 
 []


Overfull \hbox (85.5pt too wide) in paragraph at lines 4952--4952
[]\TU/lmtt/m/n/10 ## [69] "HardDrugs"        "SexEver"          "SexAge"           "SexNumPartnLife"[] 
 []


Overfull \hbox (64.5pt too wide) in paragraph at lines 4952--4952
[]\TU/lmtt/m/n/10 ## [73] "SexNumPartYear"   "SameSex"          "SexOrientation"   "PregnantNow"[] 
 []



[122]
File: bookdown-demo_files/figure-latex/unnamed-chunk-85-1.pdf Graphic file (type pdf)
<use bookdown-demo_files/figure-latex/unnamed-chunk-85-1.pdf>


[123]
Overfull \hbox (90.75pt too wide) in paragraph at lines 5089--5089
[]\TU/lmtt/m/n/10 ## lm(formula = Age ~ BMI + Gender + PhysActive, data = df %>% dplyr::filter(Age >=[] 
 []



[124]

[125]
File: bookdown-demo_files/figure-latex/unnamed-chunk-88-1.pdf Graphic file (type pdf)
<use bookdown-demo_files/figure-latex/unnamed-chunk-88-1.pdf>


[126]
Underfull \hbox (badness 1127) in paragraph at lines 5164--5169
[]$[][][][][]$\TU/lmr/m/n/10 : The expected change in BPSysAve for a one-year increase
 []



[127]
Overfull \hbox (43.5pt too wide) in paragraph at lines 5259--5259
[]\TU/lmtt/m/n/10 ## Warning: Removed 264 rows containing non-finite outside the scale range[] 
 []

File: bookdown-demo_files/figure-latex/unnamed-chunk-90-1.pdf Graphic file (type pdf)
<use bookdown-demo_files/figure-latex/unnamed-chunk-90-1.pdf>


[128]
Overfull \hbox (27.75pt too wide) in paragraph at lines 5292--5292
[]\TU/lmtt/m/n/10 ##     hour, isoweek, mday, minute, month, quarter, second, wday, week,[] 
 []



[129]

[130]
Overfull \hbox (59.25pt too wide) in paragraph at lines 5399--5399
[]\TU/lmtt/m/n/10 ##                        mean         sd        5.5%       94.5%   histogram[] 
 []

Missing character: There is no ▁ (U+2581) in font [lmmono10-regular]:!
Missing character: There is no ▁ (U+2581) in font [lmmono10-regular]:!
Missing character: There is no ▃ (U+2583) in font [lmmono10-regular]:!
Missing character: There is no ▇ (U+2587) in font [lmmono10-regular]:!
Missing character: There is no ▇ (U+2587) in font [lmmono10-regular]:!
Missing character: There is no ▃ (U+2583) in font [lmmono10-regular]:!
Missing character: There is no ▁ (U+2581) in font [lmmono10-regular]:!
Missing character: There is no ▁ (U+2581) in font [lmmono10-regular]:!
Missing character: There is no ▁ (U+2581) in font [lmmono10-regular]:!

Overfull \hbox (37.2pt too wide) in paragraph at lines 5399--5399
[]\TU/lmtt/m/n/10 ## beta_0          120.5532300 5.79551096 111.3020105 129.8048366   ▁▁▃▇▇▃▁▁▁[] 
 []

Missing character: There is no ▁ (U+2581) in font [lmmono10-regular]:!
Missing character: There is no ▁ (U+2581) in font [lmmono10-regular]:!
Missing character: There is no ▁ (U+2581) in font [lmmono10-regular]:!
Missing character: There is no ▁ (U+2581) in font [lmmono10-regular]:!
Missing character: There is no ▃ (U+2583) in font [lmmono10-regular]:!
Missing character: There is no ▇ (U+2587) in font [lmmono10-regular]:!
Missing character: There is no ▇ (U+2587) in font [lmmono10-regular]:!
Missing character: There is no ▃ (U+2583) in font [lmmono10-regular]:!
Missing character: There is no ▁ (U+2581) in font [lmmono10-regular]:!
Missing character: There is no ▁ (U+2581) in font [lmmono10-regular]:!
Missing character: There is no ▁ (U+2581) in font [lmmono10-regular]:!

Overfull \hbox (32.3pt too wide) in paragraph at lines 5399--5399
[]\TU/lmtt/m/n/10 ## beta_2            0.4196907 0.01127082   0.4016948   0.4374156 ▁▁▁▁▃▇▇▃▁▁▁[] 
 []

Missing character: There is no ▁ (U+2581) in font [lmmono10-regular]:!
Missing character: There is no ▁ (U+2581) in font [lmmono10-regular]:!
Missing character: There is no ▁ (U+2581) in font [lmmono10-regular]:!
Missing character: There is no ▃ (U+2583) in font [lmmono10-regular]:!
Missing character: There is no ▇ (U+2587) in font [lmmono10-regular]:!
Missing character: There is no ▇ (U+2587) in font [lmmono10-regular]:!
Missing character: There is no ▅ (U+2585) in font [lmmono10-regular]:!
Missing character: There is no ▂ (U+2582) in font [lmmono10-regular]:!
Missing character: There is no ▁ (U+2581) in font [lmmono10-regular]:!
Missing character: There is no ▁ (U+2581) in font [lmmono10-regular]:!

Overfull \hbox (34.75pt too wide) in paragraph at lines 5399--5399
[]\TU/lmtt/m/n/10 ## sigma            15.4161590 0.13110866  15.2076867  15.6279605  ▁▁▁▃▇▇▅▂▁▁[] 
 []

Missing character: There is no ▁ (U+2581) in font [lmmono10-regular]:!
Missing character: There is no ▁ (U+2581) in font [lmmono10-regular]:!
Missing character: There is no ▁ (U+2581) in font [lmmono10-regular]:!
Missing character: There is no ▃ (U+2583) in font [lmmono10-regular]:!
Missing character: There is no ▇ (U+2587) in font [lmmono10-regular]:!
Missing character: There is no ▇ (U+2587) in font [lmmono10-regular]:!
Missing character: There is no ▃ (U+2583) in font [lmmono10-regular]:!
Missing character: There is no ▁ (U+2581) in font [lmmono10-regular]:!
Missing character: There is no ▁ (U+2581) in font [lmmono10-regular]:!
Missing character: There is no ▁ (U+2581) in font [lmmono10-regular]:!

Overfull \hbox (34.75pt too wide) in paragraph at lines 5399--5399
[]\TU/lmtt/m/n/10 ## beta_1[1]         0.3487591 5.80968339  -8.9591156   9.5907618  ▁▁▁▃▇▇▃▁▁▁[] 
 []

Missing character: There is no ▁ (U+2581) in font [lmmono10-regular]:!
Missing character: There is no ▁ (U+2581) in font [lmmono10-regular]:!
Missing character: There is no ▁ (U+2581) in font [lmmono10-regular]:!
Missing character: There is no ▃ (U+2583) in font [lmmono10-regular]:!
Missing character: There is no ▇ (U+2587) in font [lmmono10-regular]:!
Missing character: There is no ▇ (U+2587) in font [lmmono10-regular]:!
Missing character: There is no ▃ (U+2583) in font [lmmono10-regular]:!
Missing character: There is no ▁ (U+2581) in font [lmmono10-regular]:!
Missing character: There is no ▁ (U+2581) in font [lmmono10-regular]:!
Missing character: There is no ▁ (U+2581) in font [lmmono10-regular]:!

Overfull \hbox (34.75pt too wide) in paragraph at lines 5399--5399
[]\TU/lmtt/m/n/10 ## beta_1[2]        -0.3866548 5.81170379  -9.7471463   8.8316285  ▁▁▁▃▇▇▃▁▁▁[] 
 []

Missing character: There is no ▁ (U+2581) in font [lmmono10-regular]:!
Missing character: There is no ▁ (U+2581) in font [lmmono10-regular]:!
Missing character: There is no ▂ (U+2582) in font [lmmono10-regular]:!
Missing character: There is no ▅ (U+2585) in font [lmmono10-regular]:!
Missing character: There is no ▇ (U+2587) in font [lmmono10-regular]:!
Missing character: There is no ▅ (U+2585) in font [lmmono10-regular]:!
Missing character: There is no ▂ (U+2582) in font [lmmono10-regular]:!
Missing character: There is no ▁ (U+2581) in font [lmmono10-regular]:!
Missing character: There is no ▁ (U+2581) in font [lmmono10-regular]:!
Missing character: There is no ▁ (U+2581) in font [lmmono10-regular]:!

Overfull \hbox (34.75pt too wide) in paragraph at lines 5399--5399
[]\TU/lmtt/m/n/10 ## beta_3[1]        -1.7463108 5.77133890 -11.1387559   7.3752075  ▁▁▂▅▇▅▂▁▁▁[] 
 []

Missing character: There is no ▁ (U+2581) in font [lmmono10-regular]:!
Missing character: There is no ▁ (U+2581) in font [lmmono10-regular]:!
Missing character: There is no ▂ (U+2582) in font [lmmono10-regular]:!
Missing character: There is no ▅ (U+2585) in font [lmmono10-regular]:!
Missing character: There is no ▇ (U+2587) in font [lmmono10-regular]:!
Missing character: There is no ▅ (U+2585) in font [lmmono10-regular]:!
Missing character: There is no ▂ (U+2582) in font [lmmono10-regular]:!
Missing character: There is no ▁ (U+2581) in font [lmmono10-regular]:!
Missing character: There is no ▁ (U+2581) in font [lmmono10-regular]:!

Overfull \hbox (37.2pt too wide) in paragraph at lines 5399--5399
[]\TU/lmtt/m/n/10 ## beta_3[2]         2.7422693 5.77545948  -6.6404321  11.8947750   ▁▁▂▅▇▅▂▁▁[] 
 []

Missing character: There is no ▁ (U+2581) in font [lmmono10-regular]:!
Missing character: There is no ▁ (U+2581) in font [lmmono10-regular]:!
Missing character: There is no ▃ (U+2583) in font [lmmono10-regular]:!
Missing character: There is no ▇ (U+2587) in font [lmmono10-regular]:!
Missing character: There is no ▃ (U+2583) in font [lmmono10-regular]:!
Missing character: There is no ▁ (U+2581) in font [lmmono10-regular]:!
Missing character: There is no ▁ (U+2581) in font [lmmono10-regular]:!

Overfull \hbox (42.1pt too wide) in paragraph at lines 5399--5399
[]\TU/lmtt/m/n/10 ## diff_PhysActive  -0.7354140 0.37500248  -1.3324591  -0.1257030     ▁▁▃▇▃▁▁[] 
 []

Missing character: There is no ▁ (U+2581) in font [lmmono10-regular]:!
Missing character: There is no ▂ (U+2582) in font [lmmono10-regular]:!
Missing character: There is no ▇ (U+2587) in font [lmmono10-regular]:!
Missing character: There is no ▇ (U+2587) in font [lmmono10-regular]:!
Missing character: There is no ▁ (U+2581) in font [lmmono10-regular]:!
Missing character: There is no ▁ (U+2581) in font [lmmono10-regular]:!

Overfull \hbox (44.55pt too wide) in paragraph at lines 5399--5399
[]\TU/lmtt/m/n/10 ## diff_G            4.4885801 0.37263071   3.8813342   5.0880217      ▁▂▇▇▁▁[] 
 []


Overfull \hbox (27.75pt too wide) in paragraph at lines 5433--5433
[]\TU/lmtt/m/n/10 ## lm(formula = BPSysAve ~ PhysActive + Age_center + Gender, data = df)[] 
 []



[131]
File: bookdown-demo_files/figure-latex/unnamed-chunk-92-1.pdf Graphic file (type pdf)
<use bookdown-demo_files/figure-latex/unnamed-chunk-92-1.pdf>
File: bookdown-demo_files/figure-latex/unnamed-chunk-92-2.pdf Graphic file (type pdf)
<use bookdown-demo_files/figure-latex/unnamed-chunk-92-2.pdf>

Underfull \vbox (badness 10000) has occurred while \output is active []



[132]
Overfull \hbox (22.5pt too wide) in paragraph at lines 5490--5490
[]\TU/lmtt/m/n/10 ## lm(formula = BPSysAve ~ PhysActive + Age + Gender + BMI, data = df)[] 
 []



[133]
File: bookdown-demo_files/figure-latex/unnamed-chunk-93-1.pdf Graphic file (type pdf)
<use bookdown-demo_files/figure-latex/unnamed-chunk-93-1.pdf>
File: bookdown-demo_files/figure-latex/unnamed-chunk-93-2.pdf Graphic file (type pdf)
<use bookdown-demo_files/figure-latex/unnamed-chunk-93-2.pdf>

Underfull \vbox (badness 10000) has occurred while \output is active []



[134]

[135]
Overfull \hbox (59.25pt too wide) in paragraph at lines 5580--5580
[]\TU/lmtt/m/n/10 ## Warning: Using `size` aesthetic for lines was deprecated in ggplot2 3.4.0.[] 
 []


Overfull \hbox (111.75pt too wide) in paragraph at lines 5580--5580
[]\TU/lmtt/m/n/10 ## Call `lifecycle::last_lifecycle_warnings()` to see where this warning was generated.[] 
 []


Overfull \hbox (80.25pt too wide) in paragraph at lines 5587--5587
[]\TU/lmtt/m/n/10 ## Warning: The dot-dot notation (`..density..`) was deprecated in ggplot2 3.4.0.[] 
 []


Overfull \hbox (111.75pt too wide) in paragraph at lines 5587--5587
[]\TU/lmtt/m/n/10 ## Call `lifecycle::last_lifecycle_warnings()` to see where this warning was generated.[] 
 []


Overfull \hbox (43.5pt too wide) in paragraph at lines 5592--5592
[]\TU/lmtt/m/n/10 ## Warning: Removed 264 rows containing non-finite outside the scale range[] 
 []


Overfull \hbox (43.5pt too wide) in paragraph at lines 5597--5597
[]\TU/lmtt/m/n/10 ## Warning: Removed 264 rows containing non-finite outside the scale range[] 
 []

File: bookdown-demo_files/figure-latex/unnamed-chunk-94-1.pdf Graphic file (type pdf)
<use bookdown-demo_files/figure-latex/unnamed-chunk-94-1.pdf>

Underfull \vbox (badness 7433) has occurred while \output is active []



[136]

[137]
Overfull \hbox (17.25pt too wide) in paragraph at lines 5705--5705
[]\TU/lmtt/m/n/10 ##                         mean          sd         5.5%        94.5%[] 
 []


Overfull \hbox (17.25pt too wide) in paragraph at lines 5705--5705
[]\TU/lmtt/m/n/10 ## beta_0          129.86586686 7.137410288 118.58553593 141.19831108[] 
 []


Overfull \hbox (17.25pt too wide) in paragraph at lines 5705--5705
[]\TU/lmtt/m/n/10 ## beta_2            0.40907839 0.011269698   0.39119695   0.42702715[] 
 []


Overfull \hbox (17.25pt too wide) in paragraph at lines 5705--5705
[]\TU/lmtt/m/n/10 ## beta_4           -1.46141062 0.177139505  -1.74802663  -1.18097688[] 
 []


Overfull \hbox (17.25pt too wide) in paragraph at lines 5705--5705
[]\TU/lmtt/m/n/10 ## beta_5            0.03417879 0.001460823   0.03186429   0.03654536[] 
 []


Overfull \hbox (17.25pt too wide) in paragraph at lines 5705--5705
[]\TU/lmtt/m/n/10 ## beta_1[1]         1.39572198 6.122237159  -8.39747051  11.29040125[] 
 []


Overfull \hbox (17.25pt too wide) in paragraph at lines 5705--5705
[]\TU/lmtt/m/n/10 ## beta_1[2]         1.19094674 6.121597482  -8.58308798  11.09139910[] 
 []



[138]
Overfull \hbox (17.25pt too wide) in paragraph at lines 5705--5705
[]\TU/lmtt/m/n/10 ## beta_3[1]       -12.12521938 6.162147944 -21.89613320  -2.22341805[] 
 []


Overfull \hbox (17.25pt too wide) in paragraph at lines 5705--5705
[]\TU/lmtt/m/n/10 ## beta_3[2]        -7.22448013 6.163484254 -17.02747162   2.69505942[] 
 []


Overfull \hbox (17.25pt too wide) in paragraph at lines 5705--5705
[]\TU/lmtt/m/n/10 ## diff_PhysActive  -0.20477524 0.295404998  -0.67810759   0.26671736[] 
 []


Overfull \hbox (17.25pt too wide) in paragraph at lines 5705--5705
[]\TU/lmtt/m/n/10 ## diff_G            4.90073925 0.307036706   4.41178074   5.38993341[] 
 []

Missing character: There is no ▁ (U+2581) in font [lmmono10-regular]:!
Missing character: There is no ▁ (U+2581) in font [lmmono10-regular]:!
Missing character: There is no ▁ (U+2581) in font [lmmono10-regular]:!
Missing character: There is no ▁ (U+2581) in font [lmmono10-regular]:!
Missing character: There is no ▂ (U+2582) in font [lmmono10-regular]:!
Missing character: There is no ▅ (U+2585) in font [lmmono10-regular]:!
Missing character: There is no ▇ (U+2587) in font [lmmono10-regular]:!
Missing character: There is no ▇ (U+2587) in font [lmmono10-regular]:!
Missing character: There is no ▅ (U+2585) in font [lmmono10-regular]:!
Missing character: There is no ▂ (U+2582) in font [lmmono10-regular]:!
Missing character: There is no ▁ (U+2581) in font [lmmono10-regular]:!
Missing character: There is no ▁ (U+2581) in font [lmmono10-regular]:!
Missing character: There is no ▁ (U+2581) in font [lmmono10-regular]:!
Missing character: There is no ▁ (U+2581) in font [lmmono10-regular]:!
Missing character: There is no ▁ (U+2581) in font [lmmono10-regular]:!
Missing character: There is no ▁ (U+2581) in font [lmmono10-regular]:!
Missing character: There is no ▃ (U+2583) in font [lmmono10-regular]:!
Missing character: There is no ▇ (U+2587) in font [lmmono10-regular]:!
Missing character: There is no ▇ (U+2587) in font [lmmono10-regular]:!
Missing character: There is no ▃ (U+2583) in font [lmmono10-regular]:!
Missing character: There is no ▁ (U+2581) in font [lmmono10-regular]:!
Missing character: There is no ▁ (U+2581) in font [lmmono10-regular]:!
Missing character: There is no ▁ (U+2581) in font [lmmono10-regular]:!
Missing character: There is no ▁ (U+2581) in font [lmmono10-regular]:!
Missing character: There is no ▁ (U+2581) in font [lmmono10-regular]:!
Missing character: There is no ▁ (U+2581) in font [lmmono10-regular]:!
Missing character: There is no ▁ (U+2581) in font [lmmono10-regular]:!
Missing character: There is no ▂ (U+2582) in font [lmmono10-regular]:!
Missing character: There is no ▃ (U+2583) in font [lmmono10-regular]:!
Missing character: There is no ▇ (U+2587) in font [lmmono10-regular]:!
Missing character: There is no ▇ (U+2587) in font [lmmono10-regular]:!
Missing character: There is no ▇ (U+2587) in font [lmmono10-regular]:!
Missing character: There is no ▃ (U+2583) in font [lmmono10-regular]:!
Missing character: There is no ▂ (U+2582) in font [lmmono10-regular]:!
Missing character: There is no ▁ (U+2581) in font [lmmono10-regular]:!
Missing character: There is no ▁ (U+2581) in font [lmmono10-regular]:!
Missing character: There is no ▁ (U+2581) in font [lmmono10-regular]:!
Missing character: There is no ▁ (U+2581) in font [lmmono10-regular]:!
Missing character: There is no ▁ (U+2581) in font [lmmono10-regular]:!
Missing character: There is no ▁ (U+2581) in font [lmmono10-regular]:!
Missing character: There is no ▁ (U+2581) in font [lmmono10-regular]:!
Missing character: There is no ▁ (U+2581) in font [lmmono10-regular]:!
Missing character: There is no ▃ (U+2583) in font [lmmono10-regular]:!
Missing character: There is no ▇ (U+2587) in font [lmmono10-regular]:!
Missing character: There is no ▇ (U+2587) in font [lmmono10-regular]:!
Missing character: There is no ▅ (U+2585) in font [lmmono10-regular]:!
Missing character: There is no ▂ (U+2582) in font [lmmono10-regular]:!
Missing character: There is no ▁ (U+2581) in font [lmmono10-regular]:!
Missing character: There is no ▁ (U+2581) in font [lmmono10-regular]:!
Missing character: There is no ▁ (U+2581) in font [lmmono10-regular]:!
Missing character: There is no ▁ (U+2581) in font [lmmono10-regular]:!
Missing character: There is no ▁ (U+2581) in font [lmmono10-regular]:!
Missing character: There is no ▂ (U+2582) in font [lmmono10-regular]:!
Missing character: There is no ▇ (U+2587) in font [lmmono10-regular]:!
Missing character: There is no ▇ (U+2587) in font [lmmono10-regular]:!
Missing character: There is no ▅ (U+2585) in font [lmmono10-regular]:!
Missing character: There is no ▂ (U+2582) in font [lmmono10-regular]:!
Missing character: There is no ▁ (U+2581) in font [lmmono10-regular]:!
Missing character: There is no ▁ (U+2581) in font [lmmono10-regular]:!
Missing character: There is no ▁ (U+2581) in font [lmmono10-regular]:!
Missing character: There is no ▁ (U+2581) in font [lmmono10-regular]:!
Missing character: There is no ▂ (U+2582) in font [lmmono10-regular]:!
Missing character: There is no ▇ (U+2587) in font [lmmono10-regular]:!
Missing character: There is no ▇ (U+2587) in font [lmmono10-regular]:!
Missing character: There is no ▃ (U+2583) in font [lmmono10-regular]:!
Missing character: There is no ▁ (U+2581) in font [lmmono10-regular]:!
Missing character: There is no ▁ (U+2581) in font [lmmono10-regular]:!
Missing character: There is no ▁ (U+2581) in font [lmmono10-regular]:!
Missing character: There is no ▁ (U+2581) in font [lmmono10-regular]:!
Missing character: There is no ▁ (U+2581) in font [lmmono10-regular]:!
Missing character: There is no ▂ (U+2582) in font [lmmono10-regular]:!
Missing character: There is no ▅ (U+2585) in font [lmmono10-regular]:!
Missing character: There is no ▇ (U+2587) in font [lmmono10-regular]:!
Missing character: There is no ▅ (U+2585) in font [lmmono10-regular]:!
Missing character: There is no ▂ (U+2582) in font [lmmono10-regular]:!
Missing character: There is no ▁ (U+2581) in font [lmmono10-regular]:!
Missing character: There is no ▁ (U+2581) in font [lmmono10-regular]:!
Missing character: There is no ▁ (U+2581) in font [lmmono10-regular]:!
Missing character: There is no ▁ (U+2581) in font [lmmono10-regular]:!
Missing character: There is no ▁ (U+2581) in font [lmmono10-regular]:!
Missing character: There is no ▂ (U+2582) in font [lmmono10-regular]:!
Missing character: There is no ▅ (U+2585) in font [lmmono10-regular]:!
Missing character: There is no ▇ (U+2587) in font [lmmono10-regular]:!
Missing character: There is no ▅ (U+2585) in font [lmmono10-regular]:!
Missing character: There is no ▂ (U+2582) in font [lmmono10-regular]:!
Missing character: There is no ▁ (U+2581) in font [lmmono10-regular]:!
Missing character: There is no ▁ (U+2581) in font [lmmono10-regular]:!
Missing character: There is no ▁ (U+2581) in font [lmmono10-regular]:!
Missing character: There is no ▁ (U+2581) in font [lmmono10-regular]:!
Missing character: There is no ▁ (U+2581) in font [lmmono10-regular]:!
Missing character: There is no ▁ (U+2581) in font [lmmono10-regular]:!
Missing character: There is no ▂ (U+2582) in font [lmmono10-regular]:!
Missing character: There is no ▅ (U+2585) in font [lmmono10-regular]:!
Missing character: There is no ▇ (U+2587) in font [lmmono10-regular]:!
Missing character: There is no ▇ (U+2587) in font [lmmono10-regular]:!
Missing character: There is no ▅ (U+2585) in font [lmmono10-regular]:!
Missing character: There is no ▂ (U+2582) in font [lmmono10-regular]:!
Missing character: There is no ▁ (U+2581) in font [lmmono10-regular]:!
Missing character: There is no ▁ (U+2581) in font [lmmono10-regular]:!
Missing character: There is no ▁ (U+2581) in font [lmmono10-regular]:!
Missing character: There is no ▁ (U+2581) in font [lmmono10-regular]:!
Missing character: There is no ▁ (U+2581) in font [lmmono10-regular]:!
Missing character: There is no ▁ (U+2581) in font [lmmono10-regular]:!
Missing character: There is no ▁ (U+2581) in font [lmmono10-regular]:!
Missing character: There is no ▃ (U+2583) in font [lmmono10-regular]:!
Missing character: There is no ▇ (U+2587) in font [lmmono10-regular]:!
Missing character: There is no ▇ (U+2587) in font [lmmono10-regular]:!
Missing character: There is no ▇ (U+2587) in font [lmmono10-regular]:!
Missing character: There is no ▃ (U+2583) in font [lmmono10-regular]:!
Missing character: There is no ▁ (U+2581) in font [lmmono10-regular]:!
Missing character: There is no ▁ (U+2581) in font [lmmono10-regular]:!
Missing character: There is no ▁ (U+2581) in font [lmmono10-regular]:!
File: bookdown-demo_files/figure-latex/unnamed-chunk-96-1.pdf Graphic file (type pdf)
<use bookdown-demo_files/figure-latex/unnamed-chunk-96-1.pdf>

Underfull \vbox (badness 10000) has occurred while \output is active []



[139]

LaTeX Warning: Hyper reference `exercise16_multiple_regressionux5cux257D' on page 140 undefined on input line 5739.



[140]

LaTeX Warning: Hyper reference `adding_transformed_predictor' on page 141 undefined on input line 5773.



[141]

[142]

[143]

[144]
No file bookdown-demo.bbl.


[145] (./bookdown-demo.aux)
 ***********
LaTeX2e <2024-11-01> patch level 1
L3 programming layer <2024-12-25>
 ***********

LaTeX Warning: There were undefined references.

 ) 
Here is how much of TeX's memory you used:
 18305 strings out of 475809
 360441 string characters out of 5772867
 874144 words of memory out of 5000000
 40919 multiletter control sequences out of 15000+600000
 565400 words of font info for 103 fonts, out of 8000000 for 9000
 36 hyphenation exceptions out of 8191
 90i,8n,123p,550b,483s stack positions out of 10000i,1000n,20000p,200000b,200000s

Output written on bookdown-demo.pdf (145 pages).
